05:32:50.499 INFO  manager.ApplicationManager - All tests runs in Chrome Browser
05:32:51.286 INFO  manager.WDListener - Url-->https://telranedu.web.app/
05:32:52.644 INFO  manager.ApplicationManager - The link -->https://telranedu.web.app/home
05:32:59.724 INFO  manager.WDListener - Before Find Element:By.xpath:  //a[text()='LOGIN']
05:32:59.772 INFO  manager.WDListener - After Find Element:By.xpath:  //a[text()='LOGIN']
05:32:59.812 INFO  manager.WDListener - Location of element :(1810, 34)
05:32:59.836 INFO  manager.WDListener - Before Click Element:atext = LOGIN
05:32:59.961 INFO  manager.WDListener - After Click Element:atext = LOGIN
05:32:59.962 INFO  manager.WDListener - Before Find Element:By.name: email
05:32:59.993 INFO  manager.WDListener - After Find Element:By.name: email
05:33:00.011 INFO  manager.WDListener - Location of element :(760, 250)
05:33:00.048 INFO  manager.WDListener - Before Click Element:inputtext = 
05:33:00.208 INFO  manager.WDListener - After Click Element:inputtext = 
05:33:00.370 INFO  manager.WDListener - After Send Keys Element:inputtext
05:33:00.457 INFO  manager.WDListener - After Send Keys Element:inputtext
05:33:00.574 INFO  manager.WDListener - After Send Keys Element:inputtext
05:33:00.574 INFO  manager.WDListener - Before Find Element:By.name: password
05:33:00.635 INFO  manager.WDListener - After Find Element:By.name: password
05:33:00.659 INFO  manager.WDListener - Location of element :(760, 320)
05:33:00.694 INFO  manager.WDListener - Before Click Element:inputtext = 
05:33:00.804 INFO  manager.WDListener - After Click Element:inputtext = 
05:33:00.911 INFO  manager.WDListener - After Send Keys Element:inputtext
05:33:00.987 INFO  manager.WDListener - After Send Keys Element:inputtext
05:33:01.086 INFO  manager.WDListener - After Send Keys Element:inputtext
05:33:01.087 INFO  manager.WDListener - Before Find Element:By.xpath: //button[text()='Login']
05:33:01.139 INFO  manager.WDListener - After Find Element:By.xpath: //button[text()='Login']
05:33:01.155 INFO  manager.WDListener - Location of element :(760, 390)
05:33:01.187 INFO  manager.WDListener - Before Click Element:buttontext = Login
05:33:01.387 INFO  tests.TestBase - Name of method -->addContactSuccessAllFields
05:33:01.387 INFO  manager.WDListener - Before Find Element:By.xpath: //*[text()='ADD']
05:33:02.588 INFO  manager.WDListener - After Find Element:By.xpath: //*[text()='ADD']
05:33:02.607 INFO  manager.WDListener - Location of element :(1499, 34)
05:33:02.638 INFO  manager.WDListener - Before Click Element:atext = ADD
05:33:02.786 INFO  manager.WDListener - After Click Element:atext = ADD
05:33:02.786 INFO  manager.WDListener - Before Find Element:By.cssSelector: [placeholder='Name']
05:33:02.809 INFO  manager.WDListener - After Find Element:By.cssSelector: [placeholder='Name']
05:33:02.839 INFO  manager.WDListener - Location of element :(300, 165)
05:33:02.870 INFO  manager.WDListener - Before Click Element:inputtext = 
05:33:03.011 INFO  manager.WDListener - After Click Element:inputtext = 
05:33:03.128 INFO  manager.WDListener - After Send Keys Element:inputtext
05:33:03.193 INFO  manager.WDListener - After Send Keys Element:inputtext
05:33:03.264 INFO  manager.WDListener - After Send Keys Element:inputtext
05:33:03.264 INFO  manager.WDListener - Before Find Element:By.cssSelector: [placeholder='Last Name']
05:33:03.291 INFO  manager.WDListener - After Find Element:By.cssSelector: [placeholder='Last Name']
05:33:03.307 INFO  manager.WDListener - Location of element :(300, 239)
05:33:03.323 INFO  manager.WDListener - Before Click Element:inputtext = 
05:33:03.444 INFO  manager.WDListener - After Click Element:inputtext = 
05:33:03.535 INFO  manager.WDListener - After Send Keys Element:inputtext
05:33:03.584 INFO  manager.WDListener - After Send Keys Element:inputtext
05:33:03.656 INFO  manager.WDListener - After Send Keys Element:inputtext
05:33:03.657 INFO  manager.WDListener - Before Find Element:By.cssSelector: [placeholder='Phone']
05:33:03.672 INFO  manager.WDListener - After Find Element:By.cssSelector: [placeholder='Phone']
05:33:03.700 INFO  manager.WDListener - Location of element :(300, 313)
05:33:03.720 INFO  manager.WDListener - Before Click Element:inputtext = 
05:33:03.807 INFO  manager.WDListener - After Click Element:inputtext = 
05:33:03.910 INFO  manager.WDListener - After Send Keys Element:inputtext
05:33:03.982 INFO  manager.WDListener - After Send Keys Element:inputtext
05:33:04.041 INFO  manager.WDListener - After Send Keys Element:inputtext
05:33:04.041 INFO  manager.WDListener - Before Find Element:By.cssSelector: [placeholder='email']
05:33:04.079 INFO  manager.WDListener - After Find Element:By.cssSelector: [placeholder='email']
05:33:04.090 INFO  manager.WDListener - Location of element :(300, 387)
05:33:04.106 INFO  manager.WDListener - Before Click Element:inputtext = 
05:33:04.236 INFO  manager.WDListener - After Click Element:inputtext = 
05:33:04.337 INFO  manager.WDListener - After Send Keys Element:inputtext
05:33:04.398 INFO  manager.WDListener - After Send Keys Element:inputtext
05:33:04.473 INFO  manager.WDListener - After Send Keys Element:inputtext
05:33:04.473 INFO  manager.WDListener - Before Find Element:By.cssSelector: [placeholder = 'Address']
05:33:04.514 INFO  manager.WDListener - After Find Element:By.cssSelector: [placeholder = 'Address']
05:33:04.524 INFO  manager.WDListener - Location of element :(300, 461)
05:33:04.540 INFO  manager.WDListener - Before Click Element:inputtext = 
05:33:04.657 INFO  manager.WDListener - After Click Element:inputtext = 
05:33:04.766 INFO  manager.WDListener - After Send Keys Element:inputtext
05:33:04.846 INFO  manager.WDListener - After Send Keys Element:inputtext
05:33:04.915 INFO  manager.WDListener - After Send Keys Element:inputtext
05:33:04.915 INFO  manager.WDListener - Before Find Element:By.cssSelector: [placeholder='description']
05:33:04.939 INFO  manager.WDListener - After Find Element:By.cssSelector: [placeholder='description']
05:33:04.971 INFO  manager.WDListener - Location of element :(300, 535)
05:33:04.987 INFO  manager.WDListener - Before Click Element:inputtext = 
05:33:05.087 INFO  manager.WDListener - After Click Element:inputtext = 
05:33:05.173 INFO  manager.WDListener - After Send Keys Element:inputtext
05:33:05.231 INFO  manager.WDListener - After Send Keys Element:inputtext
05:33:05.304 INFO  manager.WDListener - After Send Keys Element:inputtext
05:33:05.722 INFO  manager.WDListener - Before Find Element:By.xpath: //*[text()='Save']
05:33:05.754 INFO  manager.WDListener - After Find Element:By.xpath: //*[text()='Save']
05:33:05.769 INFO  manager.WDListener - Location of element :(951, 622)
05:33:05.801 INFO  manager.WDListener - Before Click Element:btext = Save
05:33:05.898 INFO  manager.WDListener - After Click Element:btext = Save
05:33:06.504 INFO  tests.TestBase - =================================================================
05:33:06.504 INFO  tests.TestBase - Name of method -->addContactSuccessReqFields
05:33:06.504 INFO  manager.WDListener - Before Find Element:By.xpath: //*[text()='ADD']
05:33:06.536 INFO  manager.WDListener - After Find Element:By.xpath: //*[text()='ADD']
05:33:06.552 INFO  manager.WDListener - Location of element :(1511, 34)
05:33:06.568 INFO  manager.WDListener - Before Click Element:atext = ADD
05:33:06.685 INFO  manager.WDListener - After Click Element:atext = ADD
05:33:06.685 INFO  manager.WDListener - Before Find Element:By.cssSelector: [placeholder='Name']
05:33:06.707 INFO  manager.WDListener - After Find Element:By.cssSelector: [placeholder='Name']
05:33:06.724 INFO  manager.WDListener - Location of element :(300, 165)
05:33:06.746 INFO  manager.WDListener - Before Click Element:inputtext = 
05:33:06.871 INFO  manager.WDListener - After Click Element:inputtext = 
05:33:06.964 INFO  manager.WDListener - After Send Keys Element:inputtext
05:33:07.017 INFO  manager.WDListener - After Send Keys Element:inputtext
05:33:07.081 INFO  manager.WDListener - After Send Keys Element:inputtext
05:33:07.081 INFO  manager.WDListener - Before Find Element:By.cssSelector: [placeholder='Last Name']
05:33:07.089 INFO  manager.WDListener - After Find Element:By.cssSelector: [placeholder='Last Name']
05:33:07.106 INFO  manager.WDListener - Location of element :(300, 239)
05:33:07.137 INFO  manager.WDListener - Before Click Element:inputtext = 
05:33:07.225 INFO  manager.WDListener - After Click Element:inputtext = 
05:33:07.322 INFO  manager.WDListener - After Send Keys Element:inputtext
05:33:07.380 INFO  manager.WDListener - After Send Keys Element:inputtext
05:33:07.442 INFO  manager.WDListener - After Send Keys Element:inputtext
05:33:07.443 INFO  manager.WDListener - Before Find Element:By.cssSelector: [placeholder='Phone']
05:33:07.464 INFO  manager.WDListener - After Find Element:By.cssSelector: [placeholder='Phone']
05:33:07.474 INFO  manager.WDListener - Location of element :(300, 313)
05:33:07.490 INFO  manager.WDListener - Before Click Element:inputtext = 
05:33:07.594 INFO  manager.WDListener - After Click Element:inputtext = 
05:33:07.674 INFO  manager.WDListener - After Send Keys Element:inputtext
05:33:07.723 INFO  manager.WDListener - After Send Keys Element:inputtext
05:33:07.809 INFO  manager.WDListener - After Send Keys Element:inputtext
05:33:07.809 INFO  manager.WDListener - Before Find Element:By.cssSelector: [placeholder='email']
05:33:07.824 INFO  manager.WDListener - After Find Element:By.cssSelector: [placeholder='email']
05:33:07.855 INFO  manager.WDListener - Location of element :(300, 387)
05:33:07.873 INFO  manager.WDListener - Before Click Element:inputtext = 
05:33:07.988 INFO  manager.WDListener - After Click Element:inputtext = 
05:33:08.078 INFO  manager.WDListener - After Send Keys Element:inputtext
05:33:08.132 INFO  manager.WDListener - After Send Keys Element:inputtext
05:33:08.208 INFO  manager.WDListener - After Send Keys Element:inputtext
05:33:08.208 INFO  manager.WDListener - Before Find Element:By.cssSelector: [placeholder = 'Address']
05:33:08.224 INFO  manager.WDListener - After Find Element:By.cssSelector: [placeholder = 'Address']
05:33:08.240 INFO  manager.WDListener - Location of element :(300, 461)
05:33:08.256 INFO  manager.WDListener - Before Click Element:inputtext = 
05:33:08.358 INFO  manager.WDListener - After Click Element:inputtext = 
05:33:08.451 INFO  manager.WDListener - After Send Keys Element:inputtext
05:33:08.502 INFO  manager.WDListener - After Send Keys Element:inputtext
05:33:08.564 INFO  manager.WDListener - After Send Keys Element:inputtext
05:33:08.564 INFO  manager.WDListener - Before Find Element:By.cssSelector: [placeholder='description']
05:33:08.583 INFO  manager.WDListener - After Find Element:By.cssSelector: [placeholder='description']
05:33:08.590 INFO  manager.WDListener - Location of element :(300, 535)
05:33:08.607 INFO  manager.WDListener - Before Click Element:inputtext = 
05:33:08.703 INFO  manager.WDListener - After Click Element:inputtext = 
05:33:08.806 INFO  manager.WDListener - After Send Keys Element:inputtext
05:33:08.871 INFO  manager.WDListener - After Send Keys Element:inputtext
05:33:08.948 INFO  manager.WDListener - After Send Keys Element:inputtext
05:33:08.949 INFO  manager.WDListener - Before Find Element:By.xpath: //*[text()='Save']
05:33:08.966 INFO  manager.WDListener - After Find Element:By.xpath: //*[text()='Save']
05:33:08.973 INFO  manager.WDListener - Location of element :(951, 622)
05:33:08.989 INFO  manager.WDListener - Before Click Element:btext = Save
05:33:09.074 INFO  manager.WDListener - After Click Element:btext = Save
05:33:09.670 INFO  tests.TestBase - =================================================================
05:33:09.670 INFO  tests.TestBase - Name of method -->addNewContactEmptyAddress
05:33:09.670 INFO  manager.WDListener - Before Find Element:By.xpath: //*[text()='ADD']
05:33:09.686 INFO  manager.WDListener - After Find Element:By.xpath: //*[text()='ADD']
05:33:09.709 INFO  manager.WDListener - Location of element :(1511, 34)
05:33:09.733 INFO  manager.WDListener - Before Click Element:atext = ADD
05:33:09.830 INFO  manager.WDListener - After Click Element:atext = ADD
05:33:09.831 INFO  manager.WDListener - Before Find Element:By.cssSelector: [placeholder='Name']
05:33:09.849 INFO  manager.WDListener - After Find Element:By.cssSelector: [placeholder='Name']
05:33:09.857 INFO  manager.WDListener - Location of element :(300, 165)
05:33:09.873 INFO  manager.WDListener - Before Click Element:inputtext = 
05:33:09.958 INFO  manager.WDListener - After Click Element:inputtext = 
05:33:10.042 INFO  manager.WDListener - After Send Keys Element:inputtext
05:33:10.094 INFO  manager.WDListener - After Send Keys Element:inputtext
05:33:10.147 INFO  manager.WDListener - After Send Keys Element:inputtext
05:33:10.148 INFO  manager.WDListener - Before Find Element:By.cssSelector: [placeholder='Last Name']
05:33:10.165 INFO  manager.WDListener - After Find Element:By.cssSelector: [placeholder='Last Name']
05:33:10.174 INFO  manager.WDListener - Location of element :(300, 239)
05:33:10.205 INFO  manager.WDListener - Before Click Element:inputtext = 
05:33:10.301 INFO  manager.WDListener - After Click Element:inputtext = 
05:33:10.385 INFO  manager.WDListener - After Send Keys Element:inputtext
05:33:10.433 INFO  manager.WDListener - After Send Keys Element:inputtext
05:33:10.480 INFO  manager.WDListener - After Send Keys Element:inputtext
05:33:10.480 INFO  manager.WDListener - Before Find Element:By.cssSelector: [placeholder='Phone']
05:33:10.498 INFO  manager.WDListener - After Find Element:By.cssSelector: [placeholder='Phone']
05:33:10.510 INFO  manager.WDListener - Location of element :(300, 313)
05:33:10.523 INFO  manager.WDListener - Before Click Element:inputtext = 
05:33:10.618 INFO  manager.WDListener - After Click Element:inputtext = 
05:33:10.704 INFO  manager.WDListener - After Send Keys Element:inputtext
05:33:10.758 INFO  manager.WDListener - After Send Keys Element:inputtext
05:33:10.826 INFO  manager.WDListener - After Send Keys Element:inputtext
05:33:10.826 INFO  manager.WDListener - Before Find Element:By.cssSelector: [placeholder='email']
05:33:10.854 INFO  manager.WDListener - After Find Element:By.cssSelector: [placeholder='email']
05:33:10.873 INFO  manager.WDListener - Location of element :(300, 387)
05:33:10.892 INFO  manager.WDListener - Before Click Element:inputtext = 
05:33:10.993 INFO  manager.WDListener - After Click Element:inputtext = 
05:33:11.071 INFO  manager.WDListener - After Send Keys Element:inputtext
05:33:11.117 INFO  manager.WDListener - After Send Keys Element:inputtext
05:33:11.183 INFO  manager.WDListener - After Send Keys Element:inputtext
05:33:11.183 INFO  manager.WDListener - Before Find Element:By.cssSelector: [placeholder = 'Address']
05:33:11.200 INFO  manager.WDListener - After Find Element:By.cssSelector: [placeholder = 'Address']
05:33:11.211 INFO  manager.WDListener - Location of element :(300, 461)
05:33:11.222 INFO  manager.WDListener - Before Click Element:inputtext = 
05:33:11.305 INFO  manager.WDListener - After Click Element:inputtext = 
05:33:11.379 INFO  manager.WDListener - After Send Keys Element:inputtext
05:33:11.428 INFO  manager.WDListener - After Send Keys Element:inputtext
05:33:11.472 INFO  manager.WDListener - After Send Keys Element:inputtext
05:33:11.472 INFO  manager.WDListener - Before Find Element:By.cssSelector: [placeholder='description']
05:33:11.487 INFO  manager.WDListener - After Find Element:By.cssSelector: [placeholder='description']
05:33:11.487 INFO  manager.WDListener - Location of element :(300, 535)
05:33:11.519 INFO  manager.WDListener - Before Click Element:inputtext = 
05:33:11.625 INFO  manager.WDListener - After Click Element:inputtext = 
05:33:11.710 INFO  manager.WDListener - After Send Keys Element:inputtext
05:33:11.740 INFO  manager.WDListener - After Send Keys Element:inputtext
05:33:11.810 INFO  manager.WDListener - After Send Keys Element:inputtext
05:33:11.811 INFO  manager.WDListener - Before Find Element:By.xpath: //*[text()='Save']
05:33:11.826 INFO  manager.WDListener - After Find Element:By.xpath: //*[text()='Save']
05:33:11.836 INFO  manager.WDListener - Location of element :(951, 622)
05:33:11.840 INFO  manager.WDListener - Before Click Element:btext = Save
05:33:11.932 INFO  manager.WDListener - After Click Element:btext = Save
05:33:11.957 INFO  tests.TestBase - =================================================================
05:33:11.957 INFO  tests.TestBase - Name of method -->addNewContactEmptyLastName
05:33:11.957 INFO  manager.WDListener - Before Find Element:By.xpath: //*[text()='ADD']
05:33:11.973 INFO  manager.WDListener - After Find Element:By.xpath: //*[text()='ADD']
05:33:12.005 INFO  manager.WDListener - Location of element :(1509, 33)
05:33:12.023 INFO  manager.WDListener - Before Click Element:atext = ADD
05:33:12.118 INFO  manager.WDListener - After Click Element:atext = ADD
05:33:12.119 INFO  manager.WDListener - Before Find Element:By.cssSelector: [placeholder='Name']
05:33:12.135 INFO  manager.WDListener - After Find Element:By.cssSelector: [placeholder='Name']
05:33:12.139 INFO  manager.WDListener - Location of element :(300, 165)
05:33:12.155 INFO  manager.WDListener - Before Click Element:inputtext = 
05:33:12.246 INFO  manager.WDListener - After Click Element:inputtext = 
05:33:12.358 INFO  manager.WDListener - After Send Keys Element:inputtext
05:33:12.406 INFO  manager.WDListener - After Send Keys Element:inputtext
05:33:12.456 INFO  manager.WDListener - After Send Keys Element:inputtext
05:33:12.456 INFO  manager.WDListener - Before Find Element:By.cssSelector: [placeholder='Last Name']
05:33:12.472 INFO  manager.WDListener - After Find Element:By.cssSelector: [placeholder='Last Name']
05:33:12.472 INFO  manager.WDListener - Location of element :(300, 239)
05:33:12.504 INFO  manager.WDListener - Before Click Element:inputtext = 
05:33:12.612 INFO  manager.WDListener - After Click Element:inputtext = 
05:33:12.712 INFO  manager.WDListener - After Send Keys Element:inputtext
05:33:12.778 INFO  manager.WDListener - After Send Keys Element:inputtext
05:33:12.820 INFO  manager.WDListener - After Send Keys Element:inputtext
05:33:12.820 INFO  manager.WDListener - Before Find Element:By.cssSelector: [placeholder='Phone']
05:33:12.846 INFO  manager.WDListener - After Find Element:By.cssSelector: [placeholder='Phone']
05:33:12.857 INFO  manager.WDListener - Location of element :(300, 313)
05:33:12.873 INFO  manager.WDListener - Before Click Element:inputtext = 
05:33:12.969 INFO  manager.WDListener - After Click Element:inputtext = 
05:33:13.108 INFO  manager.WDListener - After Send Keys Element:inputtext
05:33:13.252 INFO  manager.WDListener - After Send Keys Element:inputtext
05:33:13.341 INFO  manager.WDListener - After Send Keys Element:inputtext
05:33:13.342 INFO  manager.WDListener - Before Find Element:By.cssSelector: [placeholder='email']
05:33:13.364 INFO  manager.WDListener - After Find Element:By.cssSelector: [placeholder='email']
05:33:13.373 INFO  manager.WDListener - Location of element :(300, 387)
05:33:13.389 INFO  manager.WDListener - Before Click Element:inputtext = 
05:33:13.498 INFO  manager.WDListener - After Click Element:inputtext = 
05:33:13.591 INFO  manager.WDListener - After Send Keys Element:inputtext
05:33:13.640 INFO  manager.WDListener - After Send Keys Element:inputtext
05:33:13.690 INFO  manager.WDListener - After Send Keys Element:inputtext
05:33:13.690 INFO  manager.WDListener - Before Find Element:By.cssSelector: [placeholder = 'Address']
05:33:13.716 INFO  manager.WDListener - After Find Element:By.cssSelector: [placeholder = 'Address']
05:33:13.726 INFO  manager.WDListener - Location of element :(300, 461)
05:33:13.740 INFO  manager.WDListener - Before Click Element:inputtext = 
05:33:13.803 INFO  manager.WDListener - After Click Element:inputtext = 
05:33:13.866 INFO  manager.WDListener - After Send Keys Element:inputtext
05:33:13.910 INFO  manager.WDListener - After Send Keys Element:inputtext
05:33:13.959 INFO  manager.WDListener - After Send Keys Element:inputtext
05:33:13.959 INFO  manager.WDListener - Before Find Element:By.cssSelector: [placeholder='description']
05:33:13.993 INFO  manager.WDListener - After Find Element:By.cssSelector: [placeholder='description']
05:33:14.007 INFO  manager.WDListener - Location of element :(300, 535)
05:33:14.039 INFO  manager.WDListener - Before Click Element:inputtext = 
05:33:14.142 INFO  manager.WDListener - After Click Element:inputtext = 
05:33:14.248 INFO  manager.WDListener - After Send Keys Element:inputtext
05:33:14.299 INFO  manager.WDListener - After Send Keys Element:inputtext
05:33:14.365 INFO  manager.WDListener - After Send Keys Element:inputtext
05:33:14.365 INFO  manager.WDListener - Before Find Element:By.xpath: //*[text()='Save']
05:33:14.382 INFO  manager.WDListener - After Find Element:By.xpath: //*[text()='Save']
05:33:14.390 INFO  manager.WDListener - Location of element :(951, 622)
05:33:14.413 INFO  manager.WDListener - Before Click Element:btext = Save
05:33:14.488 INFO  manager.WDListener - After Click Element:btext = Save
05:33:14.506 INFO  tests.TestBase - =================================================================
05:33:14.506 INFO  tests.TestBase - Name of method -->addNewContactEmptyName
05:33:14.506 INFO  manager.WDListener - Before Find Element:By.xpath: //*[text()='ADD']
05:33:14.521 INFO  manager.WDListener - After Find Element:By.xpath: //*[text()='ADD']
05:33:14.537 INFO  manager.WDListener - Location of element :(1509, 33)
05:33:14.552 INFO  manager.WDListener - Before Click Element:atext = ADD
05:33:14.656 INFO  manager.WDListener - After Click Element:atext = ADD
05:33:14.777 INFO  manager.WDListener - Before Find Element:By.cssSelector: [placeholder='Name']
05:33:14.795 INFO  manager.WDListener - After Find Element:By.cssSelector: [placeholder='Name']
05:33:14.807 INFO  manager.WDListener - Location of element :(300, 165)
05:33:14.827 INFO  manager.WDListener - Before Click Element:inputtext = 
05:33:14.914 INFO  manager.WDListener - After Click Element:inputtext = 
05:33:15.016 INFO  manager.WDListener - After Send Keys Element:inputtext
05:33:15.062 INFO  manager.WDListener - After Send Keys Element:inputtext
05:33:15.090 INFO  manager.WDListener - After Send Keys Element:inputtext
05:33:15.090 INFO  manager.WDListener - Before Find Element:By.cssSelector: [placeholder='Last Name']
05:33:15.114 INFO  manager.WDListener - After Find Element:By.cssSelector: [placeholder='Last Name']
05:33:15.122 INFO  manager.WDListener - Location of element :(300, 239)
05:33:15.151 INFO  manager.WDListener - Before Click Element:inputtext = 
05:33:15.226 INFO  manager.WDListener - After Click Element:inputtext = 
05:33:15.297 INFO  manager.WDListener - After Send Keys Element:inputtext
05:33:15.349 INFO  manager.WDListener - After Send Keys Element:inputtext
05:33:15.392 INFO  manager.WDListener - After Send Keys Element:inputtext
05:33:15.392 INFO  manager.WDListener - Before Find Element:By.cssSelector: [placeholder='Phone']
05:33:15.415 INFO  manager.WDListener - After Find Element:By.cssSelector: [placeholder='Phone']
05:33:15.428 INFO  manager.WDListener - Location of element :(300, 313)
05:33:15.440 INFO  manager.WDListener - Before Click Element:inputtext = 
05:33:15.523 INFO  manager.WDListener - After Click Element:inputtext = 
05:33:15.607 INFO  manager.WDListener - After Send Keys Element:inputtext
05:33:15.656 INFO  manager.WDListener - After Send Keys Element:inputtext
05:33:15.715 INFO  manager.WDListener - After Send Keys Element:inputtext
05:33:15.722 INFO  manager.WDListener - Before Find Element:By.cssSelector: [placeholder='email']
05:33:15.746 INFO  manager.WDListener - After Find Element:By.cssSelector: [placeholder='email']
05:33:15.756 INFO  manager.WDListener - Location of element :(300, 387)
05:33:15.771 INFO  manager.WDListener - Before Click Element:inputtext = 
05:33:15.871 INFO  manager.WDListener - After Click Element:inputtext = 
05:33:15.993 INFO  manager.WDListener - After Send Keys Element:inputtext
05:33:16.042 INFO  manager.WDListener - After Send Keys Element:inputtext
05:33:16.114 INFO  manager.WDListener - After Send Keys Element:inputtext
05:33:16.114 INFO  manager.WDListener - Before Find Element:By.cssSelector: [placeholder = 'Address']
05:33:16.130 INFO  manager.WDListener - After Find Element:By.cssSelector: [placeholder = 'Address']
05:33:16.140 INFO  manager.WDListener - Location of element :(300, 461)
05:33:16.156 INFO  manager.WDListener - Before Click Element:inputtext = 
05:33:16.229 INFO  manager.WDListener - After Click Element:inputtext = 
05:33:16.306 INFO  manager.WDListener - After Send Keys Element:inputtext
05:33:16.356 INFO  manager.WDListener - After Send Keys Element:inputtext
05:33:16.407 INFO  manager.WDListener - After Send Keys Element:inputtext
05:33:16.407 INFO  manager.WDListener - Before Find Element:By.cssSelector: [placeholder='description']
05:33:16.437 INFO  manager.WDListener - After Find Element:By.cssSelector: [placeholder='description']
05:33:16.450 INFO  manager.WDListener - Location of element :(300, 535)
05:33:16.456 INFO  manager.WDListener - Before Click Element:inputtext = 
05:33:16.545 INFO  manager.WDListener - After Click Element:inputtext = 
05:33:16.622 INFO  manager.WDListener - After Send Keys Element:inputtext
05:33:16.689 INFO  manager.WDListener - After Send Keys Element:inputtext
05:33:16.757 INFO  manager.WDListener - After Send Keys Element:inputtext
05:33:16.757 INFO  manager.WDListener - Before Find Element:By.xpath: //*[text()='Save']
05:33:16.774 INFO  manager.WDListener - After Find Element:By.xpath: //*[text()='Save']
05:33:16.785 INFO  manager.WDListener - Location of element :(951, 622)
05:33:16.791 INFO  manager.WDListener - Before Click Element:btext = Save
05:33:16.870 INFO  manager.WDListener - After Click Element:btext = Save
05:33:16.885 INFO  tests.TestBase - =================================================================
05:33:16.886 INFO  tests.TestBase - Name of method -->addNewContactLongPhoneNumber
05:33:16.887 INFO  tests.TestBase - Test run with data :9876578905431006
05:33:16.887 INFO  manager.WDListener - Before Find Element:By.xpath: //*[text()='ADD']
05:33:16.890 INFO  manager.WDListener - After Find Element:By.xpath: //*[text()='ADD']
05:33:16.919 INFO  manager.WDListener - Location of element :(1509, 33)
05:33:16.939 INFO  manager.WDListener - Before Click Element:atext = ADD
05:33:17.027 INFO  manager.WDListener - After Click Element:atext = ADD
05:33:17.028 INFO  manager.WDListener - Before Find Element:By.cssSelector: [placeholder='Name']
05:33:17.046 INFO  manager.WDListener - After Find Element:By.cssSelector: [placeholder='Name']
05:33:17.057 INFO  manager.WDListener - Location of element :(300, 165)
05:33:17.057 INFO  manager.WDListener - Before Click Element:inputtext = 
05:33:17.146 INFO  manager.WDListener - After Click Element:inputtext = 
05:33:17.219 INFO  manager.WDListener - After Send Keys Element:inputtext
05:33:17.265 INFO  manager.WDListener - After Send Keys Element:inputtext
05:33:17.319 INFO  manager.WDListener - After Send Keys Element:inputtext
05:33:17.319 INFO  manager.WDListener - Before Find Element:By.cssSelector: [placeholder='Last Name']
05:33:17.332 INFO  manager.WDListener - After Find Element:By.cssSelector: [placeholder='Last Name']
05:33:17.343 INFO  manager.WDListener - Location of element :(300, 239)
05:33:17.356 INFO  manager.WDListener - Before Click Element:inputtext = 
05:33:17.435 INFO  manager.WDListener - After Click Element:inputtext = 
05:33:17.524 INFO  manager.WDListener - After Send Keys Element:inputtext
05:33:17.571 INFO  manager.WDListener - After Send Keys Element:inputtext
05:33:17.630 INFO  manager.WDListener - After Send Keys Element:inputtext
05:33:17.630 INFO  manager.WDListener - Before Find Element:By.cssSelector: [placeholder='Phone']
05:33:17.649 INFO  manager.WDListener - After Find Element:By.cssSelector: [placeholder='Phone']
05:33:17.657 INFO  manager.WDListener - Location of element :(300, 313)
05:33:17.673 INFO  manager.WDListener - Before Click Element:inputtext = 
05:33:17.772 INFO  manager.WDListener - After Click Element:inputtext = 
05:33:17.857 INFO  manager.WDListener - After Send Keys Element:inputtext
05:33:17.906 INFO  manager.WDListener - After Send Keys Element:inputtext
05:33:17.982 INFO  manager.WDListener - After Send Keys Element:inputtext
05:33:17.982 INFO  manager.WDListener - Before Find Element:By.cssSelector: [placeholder='email']
05:33:17.998 INFO  manager.WDListener - After Find Element:By.cssSelector: [placeholder='email']
05:33:18.007 INFO  manager.WDListener - Location of element :(300, 387)
05:33:18.023 INFO  manager.WDListener - Before Click Element:inputtext = 
05:33:18.107 INFO  manager.WDListener - After Click Element:inputtext = 
05:33:18.189 INFO  manager.WDListener - After Send Keys Element:inputtext
05:33:18.239 INFO  manager.WDListener - After Send Keys Element:inputtext
05:33:18.314 INFO  manager.WDListener - After Send Keys Element:inputtext
05:33:18.314 INFO  manager.WDListener - Before Find Element:By.cssSelector: [placeholder = 'Address']
05:33:18.329 INFO  manager.WDListener - After Find Element:By.cssSelector: [placeholder = 'Address']
05:33:18.339 INFO  manager.WDListener - Location of element :(300, 461)
05:33:18.355 INFO  manager.WDListener - Before Click Element:inputtext = 
05:33:18.435 INFO  manager.WDListener - After Click Element:inputtext = 
05:33:18.522 INFO  manager.WDListener - After Send Keys Element:inputtext
05:33:18.572 INFO  manager.WDListener - After Send Keys Element:inputtext
05:33:18.638 INFO  manager.WDListener - After Send Keys Element:inputtext
05:33:18.639 INFO  manager.WDListener - Before Find Element:By.cssSelector: [placeholder='description']
05:33:18.654 INFO  manager.WDListener - After Find Element:By.cssSelector: [placeholder='description']
05:33:18.665 INFO  manager.WDListener - Location of element :(300, 535)
05:33:18.674 INFO  manager.WDListener - Before Click Element:inputtext = 
05:33:18.756 INFO  manager.WDListener - After Click Element:inputtext = 
05:33:18.858 INFO  manager.WDListener - After Send Keys Element:inputtext
05:33:18.889 INFO  manager.WDListener - After Send Keys Element:inputtext
05:33:18.972 INFO  manager.WDListener - After Send Keys Element:inputtext
05:33:18.974 INFO  manager.WDListener - Before Find Element:By.xpath: //*[text()='Save']
05:33:18.991 INFO  manager.WDListener - After Find Element:By.xpath: //*[text()='Save']
05:33:19.001 INFO  manager.WDListener - Location of element :(951, 622)
05:33:19.007 INFO  manager.WDListener - Before Click Element:btext = Save
05:33:19.091 INFO  manager.WDListener - After Click Element:btext = Save
05:33:19.640 INFO  tests.TestBase - =================================================================
05:33:19.642 INFO  tests.TestBase - Name of method -->addNewContactShortPhoneNumber
05:33:19.642 INFO  tests.TestBase - Test run with data :987651622
05:33:19.642 INFO  manager.WDListener - Before Find Element:By.xpath: //*[text()='ADD']
05:33:19.658 INFO  manager.WDListener - After Find Element:By.xpath: //*[text()='ADD']
05:33:19.667 INFO  manager.WDListener - Location of element :(1509, 33)
05:33:19.679 INFO  manager.WDListener - Before Click Element:atext = ADD
05:33:19.779 INFO  manager.WDListener - After Click Element:atext = ADD
05:33:19.780 INFO  manager.WDListener - Before Find Element:By.cssSelector: [placeholder='Name']
05:33:19.811 INFO  manager.WDListener - After Find Element:By.cssSelector: [placeholder='Name']
05:33:19.834 INFO  manager.WDListener - Location of element :(300, 165)
05:33:19.861 INFO  manager.WDListener - Before Click Element:inputtext = 
05:33:19.950 INFO  manager.WDListener - After Click Element:inputtext = 
05:33:20.041 INFO  manager.WDListener - After Send Keys Element:inputtext
05:33:20.090 INFO  manager.WDListener - After Send Keys Element:inputtext
05:33:20.139 INFO  manager.WDListener - After Send Keys Element:inputtext
05:33:20.139 INFO  manager.WDListener - Before Find Element:By.cssSelector: [placeholder='Last Name']
05:33:20.166 INFO  manager.WDListener - After Find Element:By.cssSelector: [placeholder='Last Name']
05:33:20.176 INFO  manager.WDListener - Location of element :(300, 239)
05:33:20.190 INFO  manager.WDListener - Before Click Element:inputtext = 
05:33:20.265 INFO  manager.WDListener - After Click Element:inputtext = 
05:33:20.357 INFO  manager.WDListener - After Send Keys Element:inputtext
05:33:20.403 INFO  manager.WDListener - After Send Keys Element:inputtext
05:33:20.451 INFO  manager.WDListener - After Send Keys Element:inputtext
05:33:20.452 INFO  manager.WDListener - Before Find Element:By.cssSelector: [placeholder='Phone']
05:33:20.466 INFO  manager.WDListener - After Find Element:By.cssSelector: [placeholder='Phone']
05:33:20.474 INFO  manager.WDListener - Location of element :(300, 313)
05:33:20.493 INFO  manager.WDListener - Before Click Element:inputtext = 
05:33:20.565 INFO  manager.WDListener - After Click Element:inputtext = 
05:33:20.644 INFO  manager.WDListener - After Send Keys Element:inputtext
05:33:20.694 INFO  manager.WDListener - After Send Keys Element:inputtext
05:33:20.756 INFO  manager.WDListener - After Send Keys Element:inputtext
05:33:20.756 INFO  manager.WDListener - Before Find Element:By.cssSelector: [placeholder='email']
05:33:20.777 INFO  manager.WDListener - After Find Element:By.cssSelector: [placeholder='email']
05:33:20.791 INFO  manager.WDListener - Location of element :(300, 387)
05:33:20.807 INFO  manager.WDListener - Before Click Element:inputtext = 
05:33:20.885 INFO  manager.WDListener - After Click Element:inputtext = 
05:33:20.974 INFO  manager.WDListener - After Send Keys Element:inputtext
05:33:21.018 INFO  manager.WDListener - After Send Keys Element:inputtext
05:33:21.075 INFO  manager.WDListener - After Send Keys Element:inputtext
05:33:21.089 INFO  manager.WDListener - Before Find Element:By.cssSelector: [placeholder = 'Address']
05:33:21.103 INFO  manager.WDListener - After Find Element:By.cssSelector: [placeholder = 'Address']
05:33:21.115 INFO  manager.WDListener - Location of element :(300, 461)
05:33:21.129 INFO  manager.WDListener - Before Click Element:inputtext = 
05:33:21.210 INFO  manager.WDListener - After Click Element:inputtext = 
05:33:21.307 INFO  manager.WDListener - After Send Keys Element:inputtext
05:33:21.367 INFO  manager.WDListener - After Send Keys Element:inputtext
05:33:21.407 INFO  manager.WDListener - After Send Keys Element:inputtext
05:33:21.407 INFO  manager.WDListener - Before Find Element:By.cssSelector: [placeholder='description']
05:33:21.436 INFO  manager.WDListener - After Find Element:By.cssSelector: [placeholder='description']
05:33:21.449 INFO  manager.WDListener - Location of element :(300, 535)
05:33:21.461 INFO  manager.WDListener - Before Click Element:inputtext = 
05:33:21.535 INFO  manager.WDListener - After Click Element:inputtext = 
05:33:21.631 INFO  manager.WDListener - After Send Keys Element:inputtext
05:33:21.674 INFO  manager.WDListener - After Send Keys Element:inputtext
05:33:21.760 INFO  manager.WDListener - After Send Keys Element:inputtext
05:33:21.761 INFO  manager.WDListener - Before Find Element:By.xpath: //*[text()='Save']
05:33:21.776 INFO  manager.WDListener - After Find Element:By.xpath: //*[text()='Save']
05:33:21.787 INFO  manager.WDListener - Location of element :(951, 622)
05:33:21.789 INFO  manager.WDListener - Before Click Element:btext = Save
05:33:21.872 INFO  manager.WDListener - After Click Element:btext = Save
05:33:22.416 INFO  tests.TestBase - =================================================================
05:33:22.416 INFO  tests.TestBase - Name of method -->addNewContactWrongEmailMailTest
05:33:22.427 INFO  manager.WDListener - Before Find Element:By.xpath: //*[text()='ADD']
05:33:22.440 INFO  manager.WDListener - After Find Element:By.xpath: //*[text()='ADD']
05:33:22.456 INFO  manager.WDListener - Location of element :(1509, 33)
05:33:22.473 INFO  manager.WDListener - Before Click Element:atext = ADD
05:33:22.571 INFO  manager.WDListener - After Click Element:atext = ADD
05:33:22.571 INFO  manager.WDListener - Before Find Element:By.cssSelector: [placeholder='Name']
05:33:22.590 INFO  manager.WDListener - After Find Element:By.cssSelector: [placeholder='Name']
05:33:22.590 INFO  manager.WDListener - Location of element :(300, 165)
05:33:22.607 INFO  manager.WDListener - Before Click Element:inputtext = 
05:33:22.725 INFO  manager.WDListener - After Click Element:inputtext = 
05:33:22.827 INFO  manager.WDListener - After Send Keys Element:inputtext
05:33:22.872 INFO  manager.WDListener - After Send Keys Element:inputtext
05:33:22.922 INFO  manager.WDListener - After Send Keys Element:inputtext
05:33:22.922 INFO  manager.WDListener - Before Find Element:By.cssSelector: [placeholder='Last Name']
05:33:22.935 INFO  manager.WDListener - After Find Element:By.cssSelector: [placeholder='Last Name']
05:33:22.947 INFO  manager.WDListener - Location of element :(300, 239)
05:33:22.956 INFO  manager.WDListener - Before Click Element:inputtext = 
05:33:23.043 INFO  manager.WDListener - After Click Element:inputtext = 
05:33:23.148 INFO  manager.WDListener - After Send Keys Element:inputtext
05:33:23.200 INFO  manager.WDListener - After Send Keys Element:inputtext
05:33:23.251 INFO  manager.WDListener - After Send Keys Element:inputtext
05:33:23.251 INFO  manager.WDListener - Before Find Element:By.cssSelector: [placeholder='Phone']
05:33:23.269 INFO  manager.WDListener - After Find Element:By.cssSelector: [placeholder='Phone']
05:33:23.280 INFO  manager.WDListener - Location of element :(300, 313)
05:33:23.290 INFO  manager.WDListener - Before Click Element:inputtext = 
05:33:23.371 INFO  manager.WDListener - After Click Element:inputtext = 
05:33:23.457 INFO  manager.WDListener - After Send Keys Element:inputtext
05:33:23.507 INFO  manager.WDListener - After Send Keys Element:inputtext
05:33:23.580 INFO  manager.WDListener - After Send Keys Element:inputtext
05:33:23.580 INFO  manager.WDListener - Before Find Element:By.cssSelector: [placeholder='email']
05:33:23.599 INFO  manager.WDListener - After Find Element:By.cssSelector: [placeholder='email']
05:33:23.606 INFO  manager.WDListener - Location of element :(300, 387)
05:33:23.643 INFO  manager.WDListener - Before Click Element:inputtext = 
05:33:23.744 INFO  manager.WDListener - After Click Element:inputtext = 
05:33:23.863 INFO  manager.WDListener - After Send Keys Element:inputtext
05:33:23.921 INFO  manager.WDListener - After Send Keys Element:inputtext
05:33:23.991 INFO  manager.WDListener - After Send Keys Element:inputtext
05:33:23.991 INFO  manager.WDListener - Before Find Element:By.cssSelector: [placeholder = 'Address']
05:33:24.017 INFO  manager.WDListener - After Find Element:By.cssSelector: [placeholder = 'Address']
05:33:24.033 INFO  manager.WDListener - Location of element :(300, 461)
05:33:24.040 INFO  manager.WDListener - Before Click Element:inputtext = 
05:33:24.164 INFO  manager.WDListener - After Click Element:inputtext = 
05:33:24.280 INFO  manager.WDListener - After Send Keys Element:inputtext
05:33:24.334 INFO  manager.WDListener - After Send Keys Element:inputtext
05:33:24.397 INFO  manager.WDListener - After Send Keys Element:inputtext
05:33:24.397 INFO  manager.WDListener - Before Find Element:By.cssSelector: [placeholder='description']
05:33:24.416 INFO  manager.WDListener - After Find Element:By.cssSelector: [placeholder='description']
05:33:24.430 INFO  manager.WDListener - Location of element :(300, 535)
05:33:24.453 INFO  manager.WDListener - Before Click Element:inputtext = 
05:33:24.537 INFO  manager.WDListener - After Click Element:inputtext = 
05:33:24.640 INFO  manager.WDListener - After Send Keys Element:inputtext
05:33:24.690 INFO  manager.WDListener - After Send Keys Element:inputtext
05:33:24.745 INFO  manager.WDListener - After Send Keys Element:inputtext
05:33:24.746 INFO  manager.WDListener - Before Find Element:By.xpath: //*[text()='Save']
05:33:24.761 INFO  manager.WDListener - After Find Element:By.xpath: //*[text()='Save']
05:33:24.773 INFO  manager.WDListener - Location of element :(951, 622)
05:33:24.789 INFO  manager.WDListener - Before Click Element:btext = Save
05:33:24.861 INFO  manager.WDListener - After Click Element:btext = Save
05:33:25.415 INFO  tests.TestBase - =================================================================
05:33:25.415 INFO  tests.TestBase - Name of method -->addNewContactWrongEmailRUTest
05:33:25.415 INFO  manager.WDListener - Before Find Element:By.xpath: //*[text()='ADD']
05:33:25.431 INFO  manager.WDListener - After Find Element:By.xpath: //*[text()='ADD']
05:33:25.440 INFO  manager.WDListener - Location of element :(1509, 33)
05:33:25.456 INFO  manager.WDListener - Before Click Element:atext = ADD
05:33:25.551 INFO  manager.WDListener - After Click Element:atext = ADD
05:33:25.551 INFO  manager.WDListener - Before Find Element:By.cssSelector: [placeholder='Name']
05:33:25.568 INFO  manager.WDListener - After Find Element:By.cssSelector: [placeholder='Name']
05:33:25.573 INFO  manager.WDListener - Location of element :(300, 165)
05:33:25.590 INFO  manager.WDListener - Before Click Element:inputtext = 
05:33:25.676 INFO  manager.WDListener - After Click Element:inputtext = 
05:33:25.774 INFO  manager.WDListener - After Send Keys Element:inputtext
05:33:25.822 INFO  manager.WDListener - After Send Keys Element:inputtext
05:33:25.875 INFO  manager.WDListener - After Send Keys Element:inputtext
05:33:25.875 INFO  manager.WDListener - Before Find Element:By.cssSelector: [placeholder='Last Name']
05:33:25.888 INFO  manager.WDListener - After Find Element:By.cssSelector: [placeholder='Last Name']
05:33:25.898 INFO  manager.WDListener - Location of element :(300, 239)
05:33:25.906 INFO  manager.WDListener - Before Click Element:inputtext = 
05:33:25.984 INFO  manager.WDListener - After Click Element:inputtext = 
05:33:26.073 INFO  manager.WDListener - After Send Keys Element:inputtext
05:33:26.125 INFO  manager.WDListener - After Send Keys Element:inputtext
05:33:26.172 INFO  manager.WDListener - After Send Keys Element:inputtext
05:33:26.172 INFO  manager.WDListener - Before Find Element:By.cssSelector: [placeholder='Phone']
05:33:26.185 INFO  manager.WDListener - After Find Element:By.cssSelector: [placeholder='Phone']
05:33:26.195 INFO  manager.WDListener - Location of element :(300, 313)
05:33:26.205 INFO  manager.WDListener - Before Click Element:inputtext = 
05:33:26.284 INFO  manager.WDListener - After Click Element:inputtext = 
05:33:26.389 INFO  manager.WDListener - After Send Keys Element:inputtext
05:33:26.433 INFO  manager.WDListener - After Send Keys Element:inputtext
05:33:26.490 INFO  manager.WDListener - After Send Keys Element:inputtext
05:33:26.490 INFO  manager.WDListener - Before Find Element:By.cssSelector: [placeholder='email']
05:33:26.503 INFO  manager.WDListener - After Find Element:By.cssSelector: [placeholder='email']
05:33:26.519 INFO  manager.WDListener - Location of element :(300, 387)
05:33:26.533 INFO  manager.WDListener - Before Click Element:inputtext = 
05:33:26.617 INFO  manager.WDListener - After Click Element:inputtext = 
05:33:26.707 INFO  manager.WDListener - After Send Keys Element:inputtext
05:33:26.755 INFO  manager.WDListener - After Send Keys Element:inputtext
05:33:26.807 INFO  manager.WDListener - After Send Keys Element:inputtext
05:33:26.807 INFO  manager.WDListener - Before Find Element:By.cssSelector: [placeholder = 'Address']
05:33:26.832 INFO  manager.WDListener - After Find Element:By.cssSelector: [placeholder = 'Address']
05:33:26.845 INFO  manager.WDListener - Location of element :(300, 461)
05:33:26.856 INFO  manager.WDListener - Before Click Element:inputtext = 
05:33:26.934 INFO  manager.WDListener - After Click Element:inputtext = 
05:33:27.023 INFO  manager.WDListener - After Send Keys Element:inputtext
05:33:27.072 INFO  manager.WDListener - After Send Keys Element:inputtext
05:33:27.135 INFO  manager.WDListener - After Send Keys Element:inputtext
05:33:27.135 INFO  manager.WDListener - Before Find Element:By.cssSelector: [placeholder='description']
05:33:27.149 INFO  manager.WDListener - After Find Element:By.cssSelector: [placeholder='description']
05:33:27.161 INFO  manager.WDListener - Location of element :(300, 535)
05:33:27.172 INFO  manager.WDListener - Before Click Element:inputtext = 
05:33:27.257 INFO  manager.WDListener - After Click Element:inputtext = 
05:33:27.340 INFO  manager.WDListener - After Send Keys Element:inputtext
05:33:27.390 INFO  manager.WDListener - After Send Keys Element:inputtext
05:33:27.439 INFO  manager.WDListener - After Send Keys Element:inputtext
05:33:27.439 INFO  manager.WDListener - Before Find Element:By.xpath: //*[text()='Save']
05:33:27.452 INFO  manager.WDListener - After Find Element:By.xpath: //*[text()='Save']
05:33:27.464 INFO  manager.WDListener - Location of element :(951, 622)
05:33:27.473 INFO  manager.WDListener - Before Click Element:btext = Save
05:33:27.552 INFO  manager.WDListener - After Click Element:btext = Save
05:33:28.117 INFO  tests.TestBase - =================================================================
05:33:28.117 INFO  tests.TestBase - Name of method -->addNewContactWrongEmailSymbol2Test
05:33:28.117 INFO  manager.WDListener - Before Find Element:By.xpath: //*[text()='ADD']
05:33:28.151 INFO  manager.WDListener - After Find Element:By.xpath: //*[text()='ADD']
05:33:28.179 INFO  manager.WDListener - Location of element :(1509, 33)
05:33:28.212 INFO  manager.WDListener - Before Click Element:atext = ADD
05:33:28.350 INFO  manager.WDListener - After Click Element:atext = ADD
05:33:28.351 INFO  manager.WDListener - Before Find Element:By.cssSelector: [placeholder='Name']
05:33:28.371 INFO  manager.WDListener - After Find Element:By.cssSelector: [placeholder='Name']
05:33:28.391 INFO  manager.WDListener - Location of element :(300, 165)
05:33:28.416 INFO  manager.WDListener - Before Click Element:inputtext = 
05:33:28.552 INFO  manager.WDListener - After Click Element:inputtext = 
05:33:28.655 INFO  manager.WDListener - After Send Keys Element:inputtext
05:33:28.703 INFO  manager.WDListener - After Send Keys Element:inputtext
05:33:28.757 INFO  manager.WDListener - After Send Keys Element:inputtext
05:33:28.757 INFO  manager.WDListener - Before Find Element:By.cssSelector: [placeholder='Last Name']
05:33:28.783 INFO  manager.WDListener - After Find Element:By.cssSelector: [placeholder='Last Name']
05:33:28.797 INFO  manager.WDListener - Location of element :(300, 239)
05:33:28.811 INFO  manager.WDListener - Before Click Element:inputtext = 
05:33:28.891 INFO  manager.WDListener - After Click Element:inputtext = 
05:33:28.990 INFO  manager.WDListener - After Send Keys Element:inputtext
05:33:29.043 INFO  manager.WDListener - After Send Keys Element:inputtext
05:33:29.090 INFO  manager.WDListener - After Send Keys Element:inputtext
05:33:29.090 INFO  manager.WDListener - Before Find Element:By.cssSelector: [placeholder='Phone']
05:33:29.119 INFO  manager.WDListener - After Find Element:By.cssSelector: [placeholder='Phone']
05:33:29.132 INFO  manager.WDListener - Location of element :(300, 313)
05:33:29.140 INFO  manager.WDListener - Before Click Element:inputtext = 
05:33:29.236 INFO  manager.WDListener - After Click Element:inputtext = 
05:33:29.341 INFO  manager.WDListener - After Send Keys Element:inputtext
05:33:29.374 INFO  manager.WDListener - After Send Keys Element:inputtext
05:33:29.455 INFO  manager.WDListener - After Send Keys Element:inputtext
05:33:29.456 INFO  manager.WDListener - Before Find Element:By.cssSelector: [placeholder='email']
05:33:29.469 INFO  manager.WDListener - After Find Element:By.cssSelector: [placeholder='email']
05:33:29.482 INFO  manager.WDListener - Location of element :(300, 387)
05:33:29.489 INFO  manager.WDListener - Before Click Element:inputtext = 
05:33:29.573 INFO  manager.WDListener - After Click Element:inputtext = 
05:33:29.680 INFO  manager.WDListener - After Send Keys Element:inputtext
05:33:29.728 INFO  manager.WDListener - After Send Keys Element:inputtext
05:33:29.791 INFO  manager.WDListener - After Send Keys Element:inputtext
05:33:29.791 INFO  manager.WDListener - Before Find Element:By.cssSelector: [placeholder = 'Address']
05:33:29.804 INFO  manager.WDListener - After Find Element:By.cssSelector: [placeholder = 'Address']
05:33:29.816 INFO  manager.WDListener - Location of element :(300, 461)
05:33:29.822 INFO  manager.WDListener - Before Click Element:inputtext = 
05:33:29.916 INFO  manager.WDListener - After Click Element:inputtext = 
05:33:30.005 INFO  manager.WDListener - After Send Keys Element:inputtext
05:33:30.039 INFO  manager.WDListener - After Send Keys Element:inputtext
05:33:30.089 INFO  manager.WDListener - After Send Keys Element:inputtext
05:33:30.089 INFO  manager.WDListener - Before Find Element:By.cssSelector: [placeholder='description']
05:33:30.117 INFO  manager.WDListener - After Find Element:By.cssSelector: [placeholder='description']
05:33:30.132 INFO  manager.WDListener - Location of element :(300, 535)
05:33:30.139 INFO  manager.WDListener - Before Click Element:inputtext = 
05:33:30.255 INFO  manager.WDListener - After Click Element:inputtext = 
05:33:30.395 INFO  manager.WDListener - After Send Keys Element:inputtext
05:33:30.451 INFO  manager.WDListener - After Send Keys Element:inputtext
05:33:30.539 INFO  manager.WDListener - After Send Keys Element:inputtext
05:33:30.540 INFO  manager.WDListener - Before Find Element:By.xpath: //*[text()='Save']
05:33:30.558 INFO  manager.WDListener - After Find Element:By.xpath: //*[text()='Save']
05:33:30.572 INFO  manager.WDListener - Location of element :(951, 622)
05:33:30.589 INFO  manager.WDListener - Before Click Element:btext = Save
05:33:30.692 INFO  manager.WDListener - After Click Element:btext = Save
05:33:31.248 INFO  tests.TestBase - =================================================================
05:33:31.264 INFO  tests.TestBase - Name of method -->addNewContactWrongEmailSymbolTest
05:33:31.264 INFO  manager.WDListener - Before Find Element:By.xpath: //*[text()='ADD']
05:33:31.272 INFO  manager.WDListener - After Find Element:By.xpath: //*[text()='ADD']
05:33:31.292 INFO  manager.WDListener - Location of element :(1509, 33)
05:33:31.307 INFO  manager.WDListener - Before Click Element:atext = ADD
05:33:31.410 INFO  manager.WDListener - After Click Element:atext = ADD
05:33:31.411 INFO  manager.WDListener - Before Find Element:By.cssSelector: [placeholder='Name']
05:33:31.423 INFO  manager.WDListener - After Find Element:By.cssSelector: [placeholder='Name']
05:33:31.423 INFO  manager.WDListener - Location of element :(300, 165)
05:33:31.442 INFO  manager.WDListener - Before Click Element:inputtext = 
05:33:31.526 INFO  manager.WDListener - After Click Element:inputtext = 
05:33:31.605 INFO  manager.WDListener - After Send Keys Element:inputtext
05:33:31.655 INFO  manager.WDListener - After Send Keys Element:inputtext
05:33:31.706 INFO  manager.WDListener - After Send Keys Element:inputtext
05:33:31.706 INFO  manager.WDListener - Before Find Element:By.cssSelector: [placeholder='Last Name']
05:33:31.724 INFO  manager.WDListener - After Find Element:By.cssSelector: [placeholder='Last Name']
05:33:31.734 INFO  manager.WDListener - Location of element :(300, 239)
05:33:31.751 INFO  manager.WDListener - Before Click Element:inputtext = 
05:33:31.827 INFO  manager.WDListener - After Click Element:inputtext = 
05:33:31.906 INFO  manager.WDListener - After Send Keys Element:inputtext
05:33:31.956 INFO  manager.WDListener - After Send Keys Element:inputtext
05:33:32.009 INFO  manager.WDListener - After Send Keys Element:inputtext
05:33:32.009 INFO  manager.WDListener - Before Find Element:By.cssSelector: [placeholder='Phone']
05:33:32.024 INFO  manager.WDListener - After Find Element:By.cssSelector: [placeholder='Phone']
05:33:32.033 INFO  manager.WDListener - Location of element :(300, 313)
05:33:32.051 INFO  manager.WDListener - Before Click Element:inputtext = 
05:33:32.118 INFO  manager.WDListener - After Click Element:inputtext = 
05:33:32.206 INFO  manager.WDListener - After Send Keys Element:inputtext
05:33:32.253 INFO  manager.WDListener - After Send Keys Element:inputtext
05:33:32.306 INFO  manager.WDListener - After Send Keys Element:inputtext
05:33:32.306 INFO  manager.WDListener - Before Find Element:By.cssSelector: [placeholder='email']
05:33:32.328 INFO  manager.WDListener - After Find Element:By.cssSelector: [placeholder='email']
05:33:32.338 INFO  manager.WDListener - Location of element :(300, 387)
05:33:32.352 INFO  manager.WDListener - Before Click Element:inputtext = 
05:33:32.423 INFO  manager.WDListener - After Click Element:inputtext = 
05:33:32.507 INFO  manager.WDListener - After Send Keys Element:inputtext
05:33:32.557 INFO  manager.WDListener - After Send Keys Element:inputtext
05:33:32.606 INFO  manager.WDListener - After Send Keys Element:inputtext
05:33:32.606 INFO  manager.WDListener - Before Find Element:By.cssSelector: [placeholder = 'Address']
05:33:32.631 INFO  manager.WDListener - After Find Element:By.cssSelector: [placeholder = 'Address']
05:33:32.643 INFO  manager.WDListener - Location of element :(300, 461)
05:33:32.656 INFO  manager.WDListener - Before Click Element:inputtext = 
05:33:32.730 INFO  manager.WDListener - After Click Element:inputtext = 
05:33:32.838 INFO  manager.WDListener - After Send Keys Element:inputtext
05:33:32.872 INFO  manager.WDListener - After Send Keys Element:inputtext
05:33:32.923 INFO  manager.WDListener - After Send Keys Element:inputtext
05:33:32.923 INFO  manager.WDListener - Before Find Element:By.cssSelector: [placeholder='description']
05:33:32.940 INFO  manager.WDListener - After Find Element:By.cssSelector: [placeholder='description']
05:33:32.950 INFO  manager.WDListener - Location of element :(300, 535)
05:33:32.965 INFO  manager.WDListener - Before Click Element:inputtext = 
05:33:33.041 INFO  manager.WDListener - After Click Element:inputtext = 
05:33:33.144 INFO  manager.WDListener - After Send Keys Element:inputtext
05:33:33.218 INFO  manager.WDListener - After Send Keys Element:inputtext
05:33:33.308 INFO  manager.WDListener - After Send Keys Element:inputtext
05:33:33.309 INFO  manager.WDListener - Before Find Element:By.xpath: //*[text()='Save']
05:33:33.330 INFO  manager.WDListener - After Find Element:By.xpath: //*[text()='Save']
05:33:33.345 INFO  manager.WDListener - Location of element :(951, 622)
05:33:33.355 INFO  manager.WDListener - Before Click Element:btext = Save
05:33:33.433 INFO  manager.WDListener - After Click Element:btext = Save
05:33:33.983 INFO  tests.TestBase - =================================================================
