06:20:47.435 INFO  manager.ApplicationManager - All tests runs in Chrome Browser
06:20:47.914 INFO  manager.WDListener - Url-->https://telranedu.web.app/
06:20:48.883 INFO  manager.ApplicationManager - The link -->https://telranedu.web.app/home
06:20:48.920 INFO  tests.TestBase - Name of method -->LoginSuccessTest
06:20:55.992 INFO  tests.TestBase - Start test: Login Success
06:20:55.992 INFO  manager.WDListener - Before Find Element:By.xpath:  //a[tex]
06:21:03.199 INFO  manager.WDListener - I have a problem!!!
06:21:03.201 INFO  manager.WDListener - Object target --> ChromeDriver: chrome on windows (65353435f0e71c8d213b837e6dec4926)
06:21:03.201 INFO  manager.WDListener - ******************
06:21:03.201 INFO  manager.WDListener - Method name -->findElement
06:21:03.201 INFO  manager.WDListener - ******************
06:21:03.219 INFO  manager.WDListener - InvocationTargetExceptionorg.openqa.selenium.NoSuchElementException: no such element: Unable to locate element: {"method":"xpath","selector":" //a[tex]"}
  (Session info: chrome=138.0.7204.97)
For documentation on this error, please visit: https://www.selenium.dev/documentation/webdriver/troubleshooting/errors#no-such-element-exception
Build info: version: '4.16.1', revision: '9b4c83354e'
System info: os.name: 'Windows 11', os.arch: 'amd64', os.version: '10.0', java.version: '11.0.21'
Driver info: org.openqa.selenium.chrome.ChromeDriver
Command: [65353435f0e71c8d213b837e6dec4926, findElement {using=xpath, value= //a[tex]}]
Capabilities {acceptInsecureCerts: false, browserName: chrome, browserVersion: 138.0.7204.97, chrome: {chromedriverVersion: 138.0.7204.92 (f079b9bc781e..., userDataDir: C:\Users\HP\AppData\Local\T...}, fedcm:accounts: true, goog:chromeOptions: {debuggerAddress: localhost:49859}, networkConnectionEnabled: false, pageLoadStrategy: normal, platformName: windows, proxy: Proxy(), se:cdp: ws://localhost:49859/devtoo..., se:cdpVersion: 138.0.7204.97, setWindowRect: true, strictFileInteractability: false, timeouts: {implicit: 0, pageLoad: 300000, script: 30000}, unhandledPromptBehavior: dismiss and notify, webauthn:extension:credBlob: true, webauthn:extension:largeBlob: true, webauthn:extension:minPinLength: true, webauthn:extension:prf: true, webauthn:virtualAuthenticators: true}
Session ID: 65353435f0e71c8d213b837e6dec4926
06:21:03.233 INFO  manager.WDListener - ******************
06:21:03.635 INFO  manager.WDListener - Screen with Error is--->src/test/screenshotsException/screen_1438.png
06:21:03.639 INFO  tests.TestBase - =================================================================
