16:55:38.666 INFO  manager.ApplicationManager - All tests runs in FIREFOX Browser
16:55:39.790 INFO  manager.WDListener - Url-->https://telranedu.web.app/
16:55:42.151 INFO  manager.ApplicationManager - The link -->https://telranedu.web.app/home
16:55:42.177 INFO  manager.TestNGListener - Start testing on date -->Fri Jul 11 16:55:42 IDT 2025
16:55:42.209 INFO  tests.TestBase - Name of method -->LoginNoNumberEmailTest
16:55:47.242 INFO  manager.TestNGListener - Start test -->LoginNoNumberEmailTest
16:55:47.242 INFO  manager.WDListener - Before Find Element:By.xpath:  //a[text()='LOGIN']
16:55:47.290 INFO  manager.WDListener - After Find Element:By.xpath:  //a[text()='LOGIN']
16:55:47.302 INFO  manager.WDListener - Location of element :(1810, 34)
16:55:47.318 INFO  manager.WDListener - Before Click Element:atext = LOGIN
16:55:47.625 INFO  manager.WDListener - After Click Element:atext = LOGIN
16:55:47.625 INFO  manager.WDListener - Before Find Element:By.name: email
16:55:47.659 INFO  manager.WDListener - After Find Element:By.name: email
16:55:47.669 INFO  manager.WDListener - Location of element :(760, 250)
16:55:47.689 INFO  manager.WDListener - Before Click Element:inputtext = 
16:55:47.975 INFO  manager.WDListener - After Click Element:inputtext = 
16:55:48.019 INFO  manager.WDListener - After Send Keys Element:inputtext
16:55:48.043 INFO  manager.WDListener - After Send Keys Element:inputtext
16:55:48.093 INFO  manager.WDListener - After Send Keys Element:inputtext
16:55:48.093 INFO  manager.WDListener - Before Find Element:By.name: password
16:55:48.121 INFO  manager.WDListener - After Find Element:By.name: password
16:55:48.121 INFO  manager.WDListener - Location of element :(760, 320)
16:55:48.162 INFO  manager.WDListener - Before Click Element:inputtext = 
16:55:48.410 INFO  manager.WDListener - After Click Element:inputtext = 
16:55:48.442 INFO  manager.WDListener - After Send Keys Element:inputtext
16:55:48.482 INFO  manager.WDListener - After Send Keys Element:inputtext
16:55:48.544 INFO  manager.WDListener - After Send Keys Element:inputtext
16:55:48.544 INFO  tests.TestBase - Test data --> email : 'solsrgd@mail.ru' & password : 'Atteloiv369!'
16:55:48.544 INFO  manager.WDListener - Before Find Element:By.xpath: //button[text()='Login']
16:55:48.574 INFO  manager.WDListener - After Find Element:By.xpath: //button[text()='Login']
16:55:48.580 INFO  manager.WDListener - Location of element :(760, 390)
16:55:48.596 INFO  manager.WDListener - Before Click Element:buttontext = Login
16:55:48.878 INFO  manager.WDListener - I have a problem!!!
16:55:48.881 INFO  manager.WDListener - Object target --> org.openqa.selenium.remote.RemoteWebDriver$RemoteTargetLocator@65b97f47
16:55:48.881 INFO  manager.WDListener - ******************
16:55:48.881 INFO  manager.WDListener - Method name -->alert
16:55:48.881 INFO  manager.WDListener - ******************
16:55:48.881 INFO  manager.WDListener - InvocationTargetExceptionorg.openqa.selenium.NoAlertPresentException: Build info: version: '4.16.1', revision: '9b4c83354e'
System info: os.name: 'Windows 11', os.arch: 'amd64', os.version: '10.0', java.version: '17.0.12'
Driver info: org.openqa.selenium.firefox.FirefoxDriver
Command: [a4b063fb-95fd-4120-a55b-571cbab15257, getAlertText {}]
Capabilities {acceptInsecureCerts: true, browserName: firefox, browserVersion: 140.0.4, moz:accessibilityChecks: false, moz:buildID: 20250707120347, moz:geckodriverVersion: 0.36.0, moz:headless: false, moz:platformVersion: 10.0, moz:processID: 15492, moz:profile: C:\Users\HP\AppData\Local\T..., moz:shutdownTimeout: 60000, moz:webdriverClick: true, moz:windowless: false, pageLoadStrategy: normal, platformName: windows, proxy: Proxy(), setWindowRect: true, strictFileInteractability: false, timeouts: {implicit: 0, pageLoad: 300000, script: 30000}, unhandledPromptBehavior: dismiss and notify, userAgent: Mozilla/5.0 (Windows NT 10....}
Session ID: a4b063fb-95fd-4120-a55b-571cbab15257
16:55:48.881 INFO  manager.WDListener - ******************
16:55:49.427 INFO  manager.WDListener - I have a problem!!!
16:55:49.427 INFO  manager.WDListener - Object target --> org.openqa.selenium.remote.RemoteWebDriver$RemoteTargetLocator@5df778c3
16:55:49.427 INFO  manager.WDListener - ******************
16:55:49.427 INFO  manager.WDListener - Method name -->alert
16:55:49.427 INFO  manager.WDListener - ******************
16:55:49.427 INFO  manager.WDListener - InvocationTargetExceptionorg.openqa.selenium.NoAlertPresentException: Build info: version: '4.16.1', revision: '9b4c83354e'
System info: os.name: 'Windows 11', os.arch: 'amd64', os.version: '10.0', java.version: '17.0.12'
Driver info: org.openqa.selenium.firefox.FirefoxDriver
Command: [a4b063fb-95fd-4120-a55b-571cbab15257, getAlertText {}]
Capabilities {acceptInsecureCerts: true, browserName: firefox, browserVersion: 140.0.4, moz:accessibilityChecks: false, moz:buildID: 20250707120347, moz:geckodriverVersion: 0.36.0, moz:headless: false, moz:platformVersion: 10.0, moz:processID: 15492, moz:profile: C:\Users\HP\AppData\Local\T..., moz:shutdownTimeout: 60000, moz:webdriverClick: true, moz:windowless: false, pageLoadStrategy: normal, platformName: windows, proxy: Proxy(), setWindowRect: true, strictFileInteractability: false, timeouts: {implicit: 0, pageLoad: 300000, script: 30000}, unhandledPromptBehavior: dismiss and notify, userAgent: Mozilla/5.0 (Windows NT 10....}
Session ID: a4b063fb-95fd-4120-a55b-571cbab15257
16:55:49.427 INFO  manager.WDListener - ******************
16:55:49.956 INFO  manager.WDListener - I have a problem!!!
16:55:49.956 INFO  manager.WDListener - Object target --> org.openqa.selenium.remote.RemoteWebDriver$RemoteTargetLocator@623dcf2a
16:55:49.956 INFO  manager.WDListener - ******************
16:55:49.956 INFO  manager.WDListener - Method name -->alert
16:55:49.956 INFO  manager.WDListener - ******************
16:55:49.956 INFO  manager.WDListener - InvocationTargetExceptionorg.openqa.selenium.NoAlertPresentException: Build info: version: '4.16.1', revision: '9b4c83354e'
System info: os.name: 'Windows 11', os.arch: 'amd64', os.version: '10.0', java.version: '17.0.12'
Driver info: org.openqa.selenium.firefox.FirefoxDriver
Command: [a4b063fb-95fd-4120-a55b-571cbab15257, getAlertText {}]
Capabilities {acceptInsecureCerts: true, browserName: firefox, browserVersion: 140.0.4, moz:accessibilityChecks: false, moz:buildID: 20250707120347, moz:geckodriverVersion: 0.36.0, moz:headless: false, moz:platformVersion: 10.0, moz:processID: 15492, moz:profile: C:\Users\HP\AppData\Local\T..., moz:shutdownTimeout: 60000, moz:webdriverClick: true, moz:windowless: false, pageLoadStrategy: normal, platformName: windows, proxy: Proxy(), setWindowRect: true, strictFileInteractability: false, timeouts: {implicit: 0, pageLoad: 300000, script: 30000}, unhandledPromptBehavior: dismiss and notify, userAgent: Mozilla/5.0 (Windows NT 10....}
Session ID: a4b063fb-95fd-4120-a55b-571cbab15257
16:55:49.956 INFO  manager.WDListener - ******************
16:55:50.523 INFO  tests.TestBase - Assert check is  alert present with text 'Wrong email or password'
16:55:50.525 INFO  manager.TestNGListener - Success test -->LoginNoNumberEmailTest
16:55:50.530 INFO  tests.TestBase - =================================================================
16:55:50.538 INFO  tests.TestBase - Name of method -->LoginWrongEmailSymbolTest
16:55:55.555 INFO  manager.TestNGListener - Start test -->LoginWrongEmailSymbolTest
16:55:55.555 INFO  manager.WDListener - Before Find Element:By.xpath:  //a[text()='LOGIN']
16:55:55.575 INFO  manager.WDListener - After Find Element:By.xpath:  //a[text()='LOGIN']
16:55:55.581 INFO  manager.WDListener - Location of element :(1808, 33)
16:55:55.599 INFO  manager.WDListener - Before Click Element:atext = LOGIN
16:55:55.842 INFO  manager.WDListener - After Click Element:atext = LOGIN
16:55:55.842 INFO  manager.WDListener - Before Find Element:By.name: email
16:55:55.873 INFO  manager.WDListener - After Find Element:By.name: email
16:55:55.880 INFO  manager.WDListener - Location of element :(760, 281)
16:55:55.893 INFO  manager.WDListener - Before Click Element:inputtext = 
16:55:56.136 INFO  manager.WDListener - After Click Element:inputtext = 
16:55:56.201 INFO  manager.WDListener - After Send Keys Element:inputtext
16:55:56.227 INFO  manager.WDListener - After Send Keys Element:inputtext
16:55:56.274 INFO  manager.WDListener - After Send Keys Element:inputtext
16:55:56.274 INFO  manager.WDListener - Before Find Element:By.name: password
16:55:56.301 INFO  manager.WDListener - After Find Element:By.name: password
16:55:56.312 INFO  manager.WDListener - Location of element :(760, 351)
16:55:56.324 INFO  manager.WDListener - Before Click Element:inputtext = 
16:55:56.570 INFO  manager.WDListener - After Click Element:inputtext = 
16:55:56.611 INFO  manager.WDListener - After Send Keys Element:inputtext
16:55:56.657 INFO  manager.WDListener - After Send Keys Element:inputtext
16:55:56.695 INFO  manager.WDListener - After Send Keys Element:inputtext
16:55:56.695 INFO  tests.TestBase - Test data --> email : 'solodka1998mail.ru' & password : 'Atteloiv369!'
16:55:56.696 INFO  manager.WDListener - Before Find Element:By.xpath: //button[text()='Login']
16:55:56.719 INFO  manager.WDListener - After Find Element:By.xpath: //button[text()='Login']
16:55:56.728 INFO  manager.WDListener - Location of element :(760, 421)
16:55:56.794 INFO  manager.WDListener - Before Click Element:buttontext = Login
16:55:57.049 INFO  manager.WDListener - I have a problem!!!
16:55:57.049 INFO  manager.WDListener - Object target --> org.openqa.selenium.remote.RemoteWebDriver$RemoteTargetLocator@1ab5f08a
16:55:57.049 INFO  manager.WDListener - ******************
16:55:57.049 INFO  manager.WDListener - Method name -->alert
16:55:57.049 INFO  manager.WDListener - ******************
16:55:57.049 INFO  manager.WDListener - InvocationTargetExceptionorg.openqa.selenium.NoAlertPresentException: Build info: version: '4.16.1', revision: '9b4c83354e'
System info: os.name: 'Windows 11', os.arch: 'amd64', os.version: '10.0', java.version: '17.0.12'
Driver info: org.openqa.selenium.firefox.FirefoxDriver
Command: [a4b063fb-95fd-4120-a55b-571cbab15257, getAlertText {}]
Capabilities {acceptInsecureCerts: true, browserName: firefox, browserVersion: 140.0.4, moz:accessibilityChecks: false, moz:buildID: 20250707120347, moz:geckodriverVersion: 0.36.0, moz:headless: false, moz:platformVersion: 10.0, moz:processID: 15492, moz:profile: C:\Users\HP\AppData\Local\T..., moz:shutdownTimeout: 60000, moz:webdriverClick: true, moz:windowless: false, pageLoadStrategy: normal, platformName: windows, proxy: Proxy(), setWindowRect: true, strictFileInteractability: false, timeouts: {implicit: 0, pageLoad: 300000, script: 30000}, unhandledPromptBehavior: dismiss and notify, userAgent: Mozilla/5.0 (Windows NT 10....}
Session ID: a4b063fb-95fd-4120-a55b-571cbab15257
16:55:57.052 INFO  manager.WDListener - ******************
16:55:57.620 INFO  tests.TestBase - Assert check is  alert present with text 'Wrong email or password'
16:55:57.623 INFO  manager.TestNGListener - Success test -->LoginWrongEmailSymbolTest
16:55:57.623 INFO  tests.TestBase - =================================================================
16:55:57.627 INFO  tests.TestBase - Name of method -->registrationSuccess
16:56:02.650 INFO  manager.TestNGListener - Start test -->registrationSuccess
16:56:02.650 INFO  tests.TestBase - Start test: Registration Success
16:56:02.650 INFO  manager.WDListener - Before Find Element:By.xpath:  //a[text()='LOGIN']
16:56:02.689 INFO  manager.WDListener - After Find Element:By.xpath:  //a[text()='LOGIN']
16:56:02.697 INFO  manager.WDListener - Location of element :(1808, 33)
16:56:02.714 INFO  manager.WDListener - Before Click Element:atext = LOGIN
16:56:02.946 INFO  manager.WDListener - After Click Element:atext = LOGIN
16:56:02.958 INFO  manager.WDListener - Before Find Element:By.name: email
16:56:02.974 INFO  manager.WDListener - After Find Element:By.name: email
16:56:02.980 INFO  manager.WDListener - Location of element :(760, 281)
16:56:02.992 INFO  manager.WDListener - Before Click Element:inputtext = 
16:56:03.232 INFO  manager.WDListener - After Click Element:inputtext = 
16:56:03.293 INFO  manager.WDListener - After Send Keys Element:inputtext
16:56:03.321 INFO  manager.WDListener - After Send Keys Element:inputtext
16:56:03.358 INFO  manager.WDListener - After Send Keys Element:inputtext
16:56:03.358 INFO  manager.WDListener - Before Find Element:By.name: password
16:56:03.380 INFO  manager.WDListener - After Find Element:By.name: password
16:56:03.387 INFO  manager.WDListener - Location of element :(760, 351)
16:56:03.401 INFO  manager.WDListener - Before Click Element:inputtext = 
16:56:03.648 INFO  manager.WDListener - After Click Element:inputtext = 
16:56:03.689 INFO  manager.WDListener - After Send Keys Element:inputtext
16:56:03.709 INFO  manager.WDListener - After Send Keys Element:inputtext
16:56:03.738 INFO  manager.WDListener - After Send Keys Element:inputtext
16:56:03.738 INFO  manager.WDListener - Before Find Element:By.xpath: //button[text()='Registration']
16:56:03.764 INFO  manager.WDListener - After Find Element:By.xpath: //button[text()='Registration']
16:56:03.772 INFO  manager.WDListener - Location of element :(1010, 421)
16:56:03.785 INFO  manager.WDListener - Before Click Element:buttontext = Registration
16:56:04.465 INFO  manager.WDListener - Before Find Element:By.cssSelector: .contact-page_message__2qafk>h1
16:56:04.836 INFO  manager.WDListener - After Find Element:By.cssSelector: .contact-page_message__2qafk>h1
16:56:04.844 INFO  manager.WDListener - Location of element :(825, 271)
16:56:04.853 INFO  manager.TestNGListener - Success test -->registrationSuccess
16:56:04.857 INFO  tests.TestBase - =================================================================
16:56:04.858 INFO  tests.TestBase - Name of method -->registrationWrongPasswordIsShort
16:56:04.876 INFO  manager.WDListener - Before Find Element:By.xpath: //button[text()='Sign Out']
16:56:04.886 INFO  manager.WDListener - After Find Element:By.xpath: //button[text()='Sign Out']
16:56:04.894 INFO  manager.WDListener - Location of element :(1817, 39)
16:56:04.903 INFO  manager.WDListener - Before Click Element:buttontext = Sign Out
16:56:05.136 INFO  tests.TestBase - Before method finish registration logout
16:56:05.142 INFO  manager.TestNGListener - Start test -->registrationWrongPasswordIsShort
16:56:05.142 INFO  tests.TestBase - Start test: Registration Wrong Password Is Short
16:56:05.142 INFO  manager.WDListener - Before Find Element:By.xpath:  //a[text()='LOGIN']
16:56:05.158 INFO  manager.WDListener - After Find Element:By.xpath:  //a[text()='LOGIN']
16:56:05.161 INFO  manager.WDListener - Location of element :(1808, 33)
16:56:05.178 INFO  manager.WDListener - Before Click Element:atext = LOGIN
16:56:05.418 INFO  manager.WDListener - After Click Element:atext = LOGIN
16:56:05.420 INFO  manager.WDListener - Before Find Element:By.name: email
16:56:05.439 INFO  manager.WDListener - After Find Element:By.name: email
16:56:05.444 INFO  manager.WDListener - Location of element :(760, 250)
16:56:05.474 INFO  manager.WDListener - Before Click Element:inputtext = 
16:56:05.732 INFO  manager.WDListener - After Click Element:inputtext = 
16:56:05.762 INFO  manager.WDListener - After Send Keys Element:inputtext
16:56:05.784 INFO  manager.WDListener - After Send Keys Element:inputtext
16:56:05.865 INFO  manager.WDListener - After Send Keys Element:inputtext
16:56:05.865 INFO  manager.WDListener - Before Find Element:By.name: password
16:56:05.884 INFO  manager.WDListener - After Find Element:By.name: password
16:56:05.893 INFO  manager.WDListener - Location of element :(760, 320)
16:56:05.907 INFO  manager.WDListener - Before Click Element:inputtext = 
16:56:06.150 INFO  manager.WDListener - After Click Element:inputtext = 
16:56:06.222 INFO  manager.WDListener - After Send Keys Element:inputtext
16:56:06.301 INFO  manager.WDListener - After Send Keys Element:inputtext
16:56:06.387 INFO  manager.WDListener - After Send Keys Element:inputtext
16:56:06.387 INFO  manager.WDListener - Before Find Element:By.xpath: //button[text()='Registration']
16:56:06.427 INFO  manager.WDListener - After Find Element:By.xpath: //button[text()='Registration']
16:56:06.488 INFO  manager.WDListener - Location of element :(1010, 390)
16:56:06.512 INFO  manager.WDListener - Before Click Element:buttontext = Registration
16:56:09.852 INFO  manager.TestNGListener - Failed test -->registrationWrongPasswordIsShort
16:56:09.856 INFO  tests.TestBase - =================================================================
16:56:09.889 INFO  manager.WDListener - I have a problem!!!
16:56:09.889 INFO  manager.WDListener - Object target --> FirefoxDriver: firefox on windows (a4b063fb-95fd-4120-a55b-571cbab15257)
16:56:09.889 INFO  manager.WDListener - ******************
16:56:09.889 INFO  manager.WDListener - Method name -->findElements
16:56:09.889 INFO  manager.WDListener - ******************
16:56:09.889 INFO  manager.WDListener - InvocationTargetExceptionorg.openqa.selenium.UnhandledAlertException: Unexpected alert dialog detected. Performed handler "dismiss". Dialog text: Wrong email or password format
            Email must contains one @ and minimum 2 symbols after last dot
            Password must contain at least one uppercase letter!
            Password must contain at least one lowercase letter!
            Password must contain at least one digit!
            Password must contain at least one special symbol from [‘$’,’~’,’-‘,’_’]!: Wrong email or password format
            Email must contains one @ and minimum 2 symbols after last dot
            Password must contain at least one uppercase letter!
            Password must contain at least one lowercase letter!
            Password must contain at least one digit!
            Password must contain at least one special symbol from [‘$’,’~’,’-‘,’_’]!
Build info: version: '4.16.1', revision: '9b4c83354e'
System info: os.name: 'Windows 11', os.arch: 'amd64', os.version: '10.0', java.version: '17.0.12'
Driver info: org.openqa.selenium.firefox.FirefoxDriver
Command: [a4b063fb-95fd-4120-a55b-571cbab15257, findElements {using=xpath, value=//button[text()='Sign Out']}]
Capabilities {acceptInsecureCerts: true, browserName: firefox, browserVersion: 140.0.4, moz:accessibilityChecks: false, moz:buildID: 20250707120347, moz:geckodriverVersion: 0.36.0, moz:headless: false, moz:platformVersion: 10.0, moz:processID: 15492, moz:profile: C:\Users\HP\AppData\Local\T..., moz:shutdownTimeout: 60000, moz:webdriverClick: true, moz:windowless: false, pageLoadStrategy: normal, platformName: windows, proxy: Proxy(), setWindowRect: true, strictFileInteractability: false, timeouts: {implicit: 0, pageLoad: 300000, script: 30000}, unhandledPromptBehavior: dismiss and notify, userAgent: Mozilla/5.0 (Windows NT 10....}
Session ID: a4b063fb-95fd-4120-a55b-571cbab15257
16:56:09.895 INFO  manager.WDListener - ******************
16:56:10.508 INFO  manager.WDListener - Screen with Error is--->src/test/screenshotsException/screen_1116.png
16:56:10.512 INFO  tests.TestBase - Name of method -->addContactSuccessAllFields
16:56:10.517 INFO  manager.TestNGListener - Start test -->addContactSuccessAllFields
16:56:10.517 INFO  manager.TestNGListener - Skipped test -->addContactSuccessAllFields
16:56:10.525 INFO  tests.TestBase - =================================================================
16:56:15.537 INFO  manager.WDListener - Before Find Element:By.xpath:  //a[text()='LOGIN']
16:56:15.553 INFO  manager.WDListener - After Find Element:By.xpath:  //a[text()='LOGIN']
16:56:15.556 INFO  manager.WDListener - Location of element :(1808, 33)
16:56:15.581 INFO  manager.WDListener - Before Click Element:atext = LOGIN
16:56:15.834 INFO  manager.WDListener - After Click Element:atext = LOGIN
16:56:15.834 INFO  manager.WDListener - Before Find Element:By.name: email
16:56:15.850 INFO  manager.WDListener - After Find Element:By.name: email
16:56:15.857 INFO  manager.WDListener - Location of element :(760, 281)
16:56:15.874 INFO  manager.WDListener - Before Click Element:inputtext = 
16:56:16.171 INFO  manager.WDListener - After Click Element:inputtext = 
16:56:16.229 INFO  manager.WDListener - After Send Keys Element:inputtext
16:56:16.263 INFO  manager.WDListener - After Send Keys Element:inputtext
16:56:16.382 INFO  manager.WDListener - After Send Keys Element:inputtext
16:56:16.385 INFO  manager.WDListener - Before Find Element:By.name: password
16:56:16.416 INFO  manager.WDListener - After Find Element:By.name: password
16:56:16.424 INFO  manager.WDListener - Location of element :(760, 351)
16:56:16.443 INFO  manager.WDListener - Before Click Element:inputtext = 
16:56:16.693 INFO  manager.WDListener - After Click Element:inputtext = 
16:56:16.778 INFO  manager.WDListener - After Send Keys Element:inputtext
16:56:16.862 INFO  manager.WDListener - After Send Keys Element:inputtext
16:56:16.914 INFO  manager.WDListener - After Send Keys Element:inputtext
16:56:16.914 INFO  manager.WDListener - Before Find Element:By.xpath: //button[text()='Login']
16:56:16.932 INFO  manager.WDListener - After Find Element:By.xpath: //button[text()='Login']
16:56:16.940 INFO  manager.WDListener - Location of element :(760, 421)
16:56:16.955 INFO  manager.WDListener - Before Click Element:buttontext = Login
16:56:17.568 INFO  tests.TestBase - Name of method -->removeFirstContact
16:56:17.568 INFO  manager.TestNGListener - Start test -->removeFirstContact
16:56:17.612 INFO  manager.HelperBase - Number of Contact list before remove is -->3
16:56:17.613 INFO  manager.WDListener - Before Find Element:By.cssSelector: .contact-item_card__2SOIM
16:56:17.633 INFO  manager.WDListener - After Find Element:By.cssSelector: .contact-item_card__2SOIM
16:56:17.648 INFO  manager.WDListener - Location of element :(288, 150)
16:56:17.676 INFO  manager.WDListener - Before Click Element:divtext = Rap1456
054643721456
16:56:17.953 INFO  manager.WDListener - After Click Element:divtext = Rap1456
054643721456
16:56:17.953 INFO  manager.WDListener - Before Find Element:By.xpath: //button[text()='Remove']
16:56:17.978 INFO  manager.WDListener - After Find Element:By.xpath: //button[text()='Remove']
16:56:17.991 INFO  manager.WDListener - Location of element :(888, 371)
16:56:18.012 INFO  manager.WDListener - Before Click Element:buttontext = Remove
16:56:18.247 INFO  manager.WDListener - After Click Element:buttontext = Remove
16:56:19.277 INFO  manager.HelperBase - Number of Contact list after remove is -->2
16:56:19.279 INFO  manager.TestNGListener - Success test -->removeFirstContact
16:56:19.280 INFO  tests.TestBase - =================================================================
16:56:19.281 INFO  manager.TestNGListener - Finish testing on date -->Fri Jul 11 16:56:19 IDT 2025
