16:15:06.683 INFO  manager.ApplicationManager - All tests runs in Chrome Browser
16:15:07.086 INFO  manager.WDListener - Url-->https://telranedu.web.app/
16:15:08.327 INFO  manager.ApplicationManager - The link -->https://telranedu.web.app/home
16:15:08.342 INFO  manager.TestNGListener - Start testing on date -->Wed Jul 09 16:15:08 IDT 2025
16:15:15.401 INFO  manager.WDListener - Before Find Element:By.xpath:  //a[text()='LOGIN']
16:15:15.456 INFO  manager.WDListener - After Find Element:By.xpath:  //a[text()='LOGIN']
16:15:15.482 INFO  manager.WDListener - Location of element :(1810, 34)
16:15:15.516 INFO  manager.WDListener - Before Click Element:atext = LOGIN
16:15:15.692 INFO  manager.WDListener - After Click Element:atext = LOGIN
16:15:15.695 INFO  manager.WDListener - Before Find Element:By.name: email
16:15:15.750 INFO  manager.WDListener - After Find Element:By.name: email
16:15:15.767 INFO  manager.WDListener - Location of element :(760, 250)
16:15:15.791 INFO  manager.WDListener - Before Click Element:inputtext = 
16:15:15.918 INFO  manager.WDListener - After Click Element:inputtext = 
16:15:16.064 INFO  manager.WDListener - After Send Keys Element:inputtext
16:15:16.167 INFO  manager.WDListener - After Send Keys Element:inputtext
16:15:16.303 INFO  manager.WDListener - After Send Keys Element:inputtext
16:15:16.303 INFO  manager.WDListener - Before Find Element:By.name: password
16:15:16.351 INFO  manager.WDListener - After Find Element:By.name: password
16:15:16.373 INFO  manager.WDListener - Location of element :(760, 320)
16:15:16.406 INFO  manager.WDListener - Before Click Element:inputtext = 
16:15:16.530 INFO  manager.WDListener - After Click Element:inputtext = 
16:15:16.635 INFO  manager.WDListener - After Send Keys Element:inputtext
16:15:16.694 INFO  manager.WDListener - After Send Keys Element:inputtext
16:15:16.794 INFO  manager.WDListener - After Send Keys Element:inputtext
16:15:16.794 INFO  manager.WDListener - Before Find Element:By.xpath: //button[text()='Login']
16:15:16.824 INFO  manager.WDListener - After Find Element:By.xpath: //button[text()='Login']
16:15:16.841 INFO  manager.WDListener - Location of element :(760, 390)
16:15:16.857 INFO  manager.WDListener - Before Click Element:buttontext = Login
16:15:16.960 INFO  tests.TestBase - Before method finish logout
16:15:16.986 INFO  tests.TestBase - Name of method -->addContactSuccessAllFieldsCSV
16:15:16.993 INFO  manager.TestNGListener - Start test -->addContactSuccessAllFieldsCSV
16:15:17.005 INFO  manager.WDListener - Before Find Element:By.xpath: //*[text()='ADD']
16:15:17.922 INFO  manager.WDListener - After Find Element:By.xpath: //*[text()='ADD']
16:15:17.941 INFO  manager.WDListener - Location of element :(1499, 34)
16:15:17.972 INFO  manager.WDListener - Before Click Element:atext = ADD
16:15:18.123 INFO  manager.WDListener - After Click Element:atext = ADD
16:15:18.125 INFO  manager.WDListener - Before Find Element:By.cssSelector: [placeholder='Name']
16:15:18.164 INFO  manager.WDListener - After Find Element:By.cssSelector: [placeholder='Name']
16:15:18.180 INFO  manager.WDListener - Location of element :(300, 165)
16:15:18.207 INFO  manager.WDListener - Before Click Element:inputtext = 
16:15:18.325 INFO  manager.WDListener - After Click Element:inputtext = 
16:15:18.439 INFO  manager.WDListener - After Send Keys Element:inputtext
16:15:18.608 INFO  manager.WDListener - After Send Keys Element:inputtext
16:15:18.713 INFO  manager.WDListener - After Send Keys Element:inputtext
16:15:18.714 INFO  manager.WDListener - Before Find Element:By.cssSelector: [placeholder='Last Name']
16:15:18.747 INFO  manager.WDListener - After Find Element:By.cssSelector: [placeholder='Last Name']
16:15:18.761 INFO  manager.WDListener - Location of element :(300, 239)
16:15:18.787 INFO  manager.WDListener - Before Click Element:inputtext = 
16:15:18.890 INFO  manager.WDListener - After Click Element:inputtext = 
16:15:19.024 INFO  manager.WDListener - After Send Keys Element:inputtext
16:15:19.094 INFO  manager.WDListener - After Send Keys Element:inputtext
16:15:19.159 INFO  manager.WDListener - After Send Keys Element:inputtext
16:15:19.159 INFO  manager.WDListener - Before Find Element:By.cssSelector: [placeholder='Phone']
16:15:19.185 INFO  manager.WDListener - After Find Element:By.cssSelector: [placeholder='Phone']
16:15:19.203 INFO  manager.WDListener - Location of element :(300, 313)
16:15:19.222 INFO  manager.WDListener - Before Click Element:inputtext = 
16:15:19.306 INFO  manager.WDListener - After Click Element:inputtext = 
16:15:19.395 INFO  manager.WDListener - After Send Keys Element:inputtext
16:15:19.469 INFO  manager.WDListener - After Send Keys Element:inputtext
16:15:19.566 INFO  manager.WDListener - After Send Keys Element:inputtext
16:15:19.567 INFO  manager.WDListener - Before Find Element:By.cssSelector: [placeholder='email']
16:15:19.623 INFO  manager.WDListener - After Find Element:By.cssSelector: [placeholder='email']
16:15:19.654 INFO  manager.WDListener - Location of element :(300, 387)
16:15:19.690 INFO  manager.WDListener - Before Click Element:inputtext = 
16:15:19.805 INFO  manager.WDListener - After Click Element:inputtext = 
16:15:19.946 INFO  manager.WDListener - After Send Keys Element:inputtext
16:15:20.046 INFO  manager.WDListener - After Send Keys Element:inputtext
16:15:20.183 INFO  manager.WDListener - After Send Keys Element:inputtext
16:15:20.184 INFO  manager.WDListener - Before Find Element:By.cssSelector: [placeholder = 'Address']
16:15:20.223 INFO  manager.WDListener - After Find Element:By.cssSelector: [placeholder = 'Address']
16:15:20.247 INFO  manager.WDListener - Location of element :(300, 461)
16:15:20.278 INFO  manager.WDListener - Before Click Element:inputtext = 
16:15:20.411 INFO  manager.WDListener - After Click Element:inputtext = 
16:15:20.555 INFO  manager.WDListener - After Send Keys Element:inputtext
16:15:20.601 INFO  manager.WDListener - After Send Keys Element:inputtext
16:15:20.647 INFO  manager.WDListener - After Send Keys Element:inputtext
16:15:20.647 INFO  manager.WDListener - Before Find Element:By.cssSelector: [placeholder='description']
16:15:20.673 INFO  manager.WDListener - After Find Element:By.cssSelector: [placeholder='description']
16:15:20.686 INFO  manager.WDListener - Location of element :(300, 535)
16:15:20.702 INFO  manager.WDListener - Before Click Element:inputtext = 
16:15:20.802 INFO  manager.WDListener - After Click Element:inputtext = 
16:15:20.890 INFO  manager.WDListener - After Send Keys Element:inputtext
16:15:20.976 INFO  manager.WDListener - After Send Keys Element:inputtext
16:15:21.068 INFO  manager.WDListener - After Send Keys Element:inputtext
16:15:21.068 INFO  tests.TestBase - Test data --> email : Contact(name=Backlick, lastName=Masha, phone=0528765765, email=masha67@mail.ru, address=Haifa, description=MB)
16:15:21.474 INFO  manager.WDListener - Before Find Element:By.xpath: //*[text()='Save']
16:15:21.510 INFO  manager.WDListener - After Find Element:By.xpath: //*[text()='Save']
16:15:21.524 INFO  manager.WDListener - Location of element :(951, 622)
16:15:21.548 INFO  manager.WDListener - Before Click Element:btext = Save
16:15:21.631 INFO  manager.WDListener - After Click Element:btext = Save
16:15:22.683 INFO  manager.TestNGListener - Success test -->addContactSuccessAllFieldsCSV
16:15:22.683 INFO  tests.TestBase - =================================================================
16:15:22.683 INFO  tests.TestBase - Name of method -->addContactSuccessAllFieldsCSV
16:15:22.683 INFO  manager.TestNGListener - Start test -->addContactSuccessAllFieldsCSV
16:15:22.683 INFO  manager.WDListener - Before Find Element:By.xpath: //*[text()='ADD']
16:15:22.699 INFO  manager.WDListener - After Find Element:By.xpath: //*[text()='ADD']
16:15:22.714 INFO  manager.WDListener - Location of element :(1511, 34)
16:15:22.735 INFO  manager.WDListener - Before Click Element:atext = ADD
16:15:22.834 INFO  manager.WDListener - After Click Element:atext = ADD
16:15:22.834 INFO  manager.WDListener - Before Find Element:By.cssSelector: [placeholder='Name']
16:15:22.849 INFO  manager.WDListener - After Find Element:By.cssSelector: [placeholder='Name']
16:15:22.863 INFO  manager.WDListener - Location of element :(300, 165)
16:15:22.880 INFO  manager.WDListener - Before Click Element:inputtext = 
16:15:22.952 INFO  manager.WDListener - After Click Element:inputtext = 
16:15:23.025 INFO  manager.WDListener - After Send Keys Element:inputtext
16:15:23.092 INFO  manager.WDListener - After Send Keys Element:inputtext
16:15:23.146 INFO  manager.WDListener - After Send Keys Element:inputtext
16:15:23.146 INFO  manager.WDListener - Before Find Element:By.cssSelector: [placeholder='Last Name']
16:15:23.163 INFO  manager.WDListener - After Find Element:By.cssSelector: [placeholder='Last Name']
16:15:23.176 INFO  manager.WDListener - Location of element :(300, 239)
16:15:23.187 INFO  manager.WDListener - Before Click Element:inputtext = 
16:15:23.262 INFO  manager.WDListener - After Click Element:inputtext = 
16:15:23.330 INFO  manager.WDListener - After Send Keys Element:inputtext
16:15:23.377 INFO  manager.WDListener - After Send Keys Element:inputtext
16:15:23.422 INFO  manager.WDListener - After Send Keys Element:inputtext
16:15:23.423 INFO  manager.WDListener - Before Find Element:By.cssSelector: [placeholder='Phone']
16:15:23.438 INFO  manager.WDListener - After Find Element:By.cssSelector: [placeholder='Phone']
16:15:23.449 INFO  manager.WDListener - Location of element :(300, 313)
16:15:23.453 INFO  manager.WDListener - Before Click Element:inputtext = 
16:15:23.534 INFO  manager.WDListener - After Click Element:inputtext = 
16:15:23.603 INFO  manager.WDListener - After Send Keys Element:inputtext
16:15:23.637 INFO  manager.WDListener - After Send Keys Element:inputtext
16:15:23.686 INFO  manager.WDListener - After Send Keys Element:inputtext
16:15:23.700 INFO  manager.WDListener - Before Find Element:By.cssSelector: [placeholder='email']
16:15:23.717 INFO  manager.WDListener - After Find Element:By.cssSelector: [placeholder='email']
16:15:23.729 INFO  manager.WDListener - Location of element :(300, 387)
16:15:23.735 INFO  manager.WDListener - Before Click Element:inputtext = 
16:15:23.819 INFO  manager.WDListener - After Click Element:inputtext = 
16:15:23.892 INFO  manager.WDListener - After Send Keys Element:inputtext
16:15:23.938 INFO  manager.WDListener - After Send Keys Element:inputtext
16:15:23.995 INFO  manager.WDListener - After Send Keys Element:inputtext
16:15:23.995 INFO  manager.WDListener - Before Find Element:By.cssSelector: [placeholder = 'Address']
16:15:24.011 INFO  manager.WDListener - After Find Element:By.cssSelector: [placeholder = 'Address']
16:15:24.020 INFO  manager.WDListener - Location of element :(300, 461)
16:15:24.038 INFO  manager.WDListener - Before Click Element:inputtext = 
16:15:24.128 INFO  manager.WDListener - After Click Element:inputtext = 
16:15:24.199 INFO  manager.WDListener - After Send Keys Element:inputtext
16:15:24.242 INFO  manager.WDListener - After Send Keys Element:inputtext
16:15:24.313 INFO  manager.WDListener - After Send Keys Element:inputtext
16:15:24.314 INFO  manager.WDListener - Before Find Element:By.cssSelector: [placeholder='description']
16:15:24.333 INFO  manager.WDListener - After Find Element:By.cssSelector: [placeholder='description']
16:15:24.352 INFO  manager.WDListener - Location of element :(300, 535)
16:15:24.365 INFO  manager.WDListener - Before Click Element:inputtext = 
16:15:24.445 INFO  manager.WDListener - After Click Element:inputtext = 
16:15:24.510 INFO  manager.WDListener - After Send Keys Element:inputtext
16:15:24.555 INFO  manager.WDListener - After Send Keys Element:inputtext
16:15:24.604 INFO  manager.WDListener - After Send Keys Element:inputtext
16:15:24.604 INFO  tests.TestBase - Test data --> email : Contact(name=Back, lastName=Sasha, phone=0527654368, email=sasha877@mail.ru, address=Haifa, description=SB)
16:15:24.866 INFO  manager.WDListener - Before Find Element:By.xpath: //*[text()='Save']
16:15:24.894 INFO  manager.WDListener - After Find Element:By.xpath: //*[text()='Save']
16:15:24.911 INFO  manager.WDListener - Location of element :(951, 622)
16:15:24.930 INFO  manager.WDListener - Before Click Element:btext = Save
16:15:25.029 INFO  manager.WDListener - After Click Element:btext = Save
16:15:25.912 INFO  manager.TestNGListener - Success test -->addContactSuccessAllFieldsCSV
16:15:25.912 INFO  tests.TestBase - =================================================================
16:15:25.930 INFO  tests.TestBase - Name of method -->addContactSuccessAllFieldsCSV
16:15:25.930 INFO  manager.TestNGListener - Start test -->addContactSuccessAllFieldsCSV
16:15:25.930 INFO  manager.WDListener - Before Find Element:By.xpath: //*[text()='ADD']
16:15:25.944 INFO  manager.WDListener - After Find Element:By.xpath: //*[text()='ADD']
16:15:25.968 INFO  manager.WDListener - Location of element :(1511, 34)
16:15:25.976 INFO  manager.WDListener - Before Click Element:atext = ADD
16:15:26.083 INFO  manager.WDListener - After Click Element:atext = ADD
16:15:26.084 INFO  manager.WDListener - Before Find Element:By.cssSelector: [placeholder='Name']
16:15:26.098 INFO  manager.WDListener - After Find Element:By.cssSelector: [placeholder='Name']
16:15:26.118 INFO  manager.WDListener - Location of element :(300, 165)
16:15:26.136 INFO  manager.WDListener - Before Click Element:inputtext = 
16:15:26.219 INFO  manager.WDListener - After Click Element:inputtext = 
16:15:26.299 INFO  manager.WDListener - After Send Keys Element:inputtext
16:15:26.348 INFO  manager.WDListener - After Send Keys Element:inputtext
16:15:26.392 INFO  manager.WDListener - After Send Keys Element:inputtext
16:15:26.392 INFO  manager.WDListener - Before Find Element:By.cssSelector: [placeholder='Last Name']
16:15:26.406 INFO  manager.WDListener - After Find Element:By.cssSelector: [placeholder='Last Name']
16:15:26.415 INFO  manager.WDListener - Location of element :(300, 239)
16:15:26.417 INFO  manager.WDListener - Before Click Element:inputtext = 
16:15:26.497 INFO  manager.WDListener - After Click Element:inputtext = 
16:15:26.567 INFO  manager.WDListener - After Send Keys Element:inputtext
16:15:26.617 INFO  manager.WDListener - After Send Keys Element:inputtext
16:15:26.664 INFO  manager.WDListener - After Send Keys Element:inputtext
16:15:26.664 INFO  manager.WDListener - Before Find Element:By.cssSelector: [placeholder='Phone']
16:15:26.680 INFO  manager.WDListener - After Find Element:By.cssSelector: [placeholder='Phone']
16:15:26.691 INFO  manager.WDListener - Location of element :(300, 313)
16:15:26.710 INFO  manager.WDListener - Before Click Element:inputtext = 
16:15:26.860 INFO  manager.WDListener - After Click Element:inputtext = 
16:15:26.962 INFO  manager.WDListener - After Send Keys Element:inputtext
16:15:27.005 INFO  manager.WDListener - After Send Keys Element:inputtext
16:15:27.059 INFO  manager.WDListener - After Send Keys Element:inputtext
16:15:27.059 INFO  manager.WDListener - Before Find Element:By.cssSelector: [placeholder='email']
16:15:27.074 INFO  manager.WDListener - After Find Element:By.cssSelector: [placeholder='email']
16:15:27.087 INFO  manager.WDListener - Location of element :(300, 387)
16:15:27.105 INFO  manager.WDListener - Before Click Element:inputtext = 
16:15:27.182 INFO  manager.WDListener - After Click Element:inputtext = 
16:15:27.274 INFO  manager.WDListener - After Send Keys Element:inputtext
16:15:27.360 INFO  manager.WDListener - After Send Keys Element:inputtext
16:15:27.458 INFO  manager.WDListener - After Send Keys Element:inputtext
16:15:27.458 INFO  manager.WDListener - Before Find Element:By.cssSelector: [placeholder = 'Address']
16:15:27.480 INFO  manager.WDListener - After Find Element:By.cssSelector: [placeholder = 'Address']
16:15:27.497 INFO  manager.WDListener - Location of element :(300, 461)
16:15:27.522 INFO  manager.WDListener - Before Click Element:inputtext = 
16:15:27.606 INFO  manager.WDListener - After Click Element:inputtext = 
16:15:27.733 INFO  manager.WDListener - After Send Keys Element:inputtext
16:15:27.800 INFO  manager.WDListener - After Send Keys Element:inputtext
16:15:27.880 INFO  manager.WDListener - After Send Keys Element:inputtext
16:15:27.880 INFO  manager.WDListener - Before Find Element:By.cssSelector: [placeholder='description']
16:15:27.899 INFO  manager.WDListener - After Find Element:By.cssSelector: [placeholder='description']
16:15:27.906 INFO  manager.WDListener - Location of element :(300, 535)
16:15:27.924 INFO  manager.WDListener - Before Click Element:inputtext = 
16:15:28.009 INFO  manager.WDListener - After Click Element:inputtext = 
16:15:28.080 INFO  manager.WDListener - After Send Keys Element:inputtext
16:15:28.139 INFO  manager.WDListener - After Send Keys Element:inputtext
16:15:28.205 INFO  manager.WDListener - After Send Keys Element:inputtext
16:15:28.205 INFO  tests.TestBase - Test data --> email : Contact(name=Boock, lastName=Dasha, phone=05456789076, email=dasha865@mail.ru, address=Haifa, description=DB)
16:15:28.540 INFO  manager.WDListener - Before Find Element:By.xpath: //*[text()='Save']
16:15:28.563 INFO  manager.WDListener - After Find Element:By.xpath: //*[text()='Save']
16:15:28.574 INFO  manager.WDListener - Location of element :(951, 622)
16:15:28.590 INFO  manager.WDListener - Before Click Element:btext = Save
16:15:28.682 INFO  manager.WDListener - After Click Element:btext = Save
16:15:29.586 INFO  manager.TestNGListener - Success test -->addContactSuccessAllFieldsCSV
16:15:29.586 INFO  tests.TestBase - =================================================================
16:15:29.601 INFO  tests.TestBase - Name of method -->addContactSuccessAllFieldsCSV
16:15:29.601 INFO  manager.TestNGListener - Start test -->addContactSuccessAllFieldsCSV
16:15:29.601 INFO  manager.WDListener - Before Find Element:By.xpath: //*[text()='ADD']
16:15:29.617 INFO  manager.WDListener - After Find Element:By.xpath: //*[text()='ADD']
16:15:29.617 INFO  manager.WDListener - Location of element :(1511, 34)
16:15:29.651 INFO  manager.WDListener - Before Click Element:atext = ADD
16:15:29.759 INFO  manager.WDListener - After Click Element:atext = ADD
16:15:29.759 INFO  manager.WDListener - Before Find Element:By.cssSelector: [placeholder='Name']
16:15:29.780 INFO  manager.WDListener - After Find Element:By.cssSelector: [placeholder='Name']
16:15:29.785 INFO  manager.WDListener - Location of element :(300, 165)
16:15:29.824 INFO  manager.WDListener - Before Click Element:inputtext = 
16:15:29.920 INFO  manager.WDListener - After Click Element:inputtext = 
16:15:30.020 INFO  manager.WDListener - After Send Keys Element:inputtext
16:15:30.111 INFO  manager.WDListener - After Send Keys Element:inputtext
16:15:30.182 INFO  manager.WDListener - After Send Keys Element:inputtext
16:15:30.183 INFO  manager.WDListener - Before Find Element:By.cssSelector: [placeholder='Last Name']
16:15:30.199 INFO  manager.WDListener - After Find Element:By.cssSelector: [placeholder='Last Name']
16:15:30.212 INFO  manager.WDListener - Location of element :(300, 239)
16:15:30.229 INFO  manager.WDListener - Before Click Element:inputtext = 
16:15:30.297 INFO  manager.WDListener - After Click Element:inputtext = 
16:15:30.359 INFO  manager.WDListener - After Send Keys Element:inputtext
16:15:30.399 INFO  manager.WDListener - After Send Keys Element:inputtext
16:15:30.447 INFO  manager.WDListener - After Send Keys Element:inputtext
16:15:30.447 INFO  manager.WDListener - Before Find Element:By.cssSelector: [placeholder='Phone']
16:15:30.462 INFO  manager.WDListener - After Find Element:By.cssSelector: [placeholder='Phone']
16:15:30.476 INFO  manager.WDListener - Location of element :(300, 313)
16:15:30.498 INFO  manager.WDListener - Before Click Element:inputtext = 
16:15:30.611 INFO  manager.WDListener - After Click Element:inputtext = 
16:15:30.698 INFO  manager.WDListener - After Send Keys Element:inputtext
16:15:30.766 INFO  manager.WDListener - After Send Keys Element:inputtext
16:15:30.844 INFO  manager.WDListener - After Send Keys Element:inputtext
16:15:30.844 INFO  manager.WDListener - Before Find Element:By.cssSelector: [placeholder='email']
16:15:30.863 INFO  manager.WDListener - After Find Element:By.cssSelector: [placeholder='email']
16:15:30.884 INFO  manager.WDListener - Location of element :(300, 387)
16:15:30.926 INFO  manager.WDListener - Before Click Element:inputtext = 
16:15:31.102 INFO  manager.WDListener - After Click Element:inputtext = 
16:15:31.205 INFO  manager.WDListener - After Send Keys Element:inputtext
16:15:31.264 INFO  manager.WDListener - After Send Keys Element:inputtext
16:15:31.324 INFO  manager.WDListener - After Send Keys Element:inputtext
16:15:31.324 INFO  manager.WDListener - Before Find Element:By.cssSelector: [placeholder = 'Address']
16:15:31.339 INFO  manager.WDListener - After Find Element:By.cssSelector: [placeholder = 'Address']
16:15:31.351 INFO  manager.WDListener - Location of element :(300, 461)
16:15:31.366 INFO  manager.WDListener - Before Click Element:inputtext = 
16:15:31.439 INFO  manager.WDListener - After Click Element:inputtext = 
16:15:31.532 INFO  manager.WDListener - After Send Keys Element:inputtext
16:15:31.579 INFO  manager.WDListener - After Send Keys Element:inputtext
16:15:31.619 INFO  manager.WDListener - After Send Keys Element:inputtext
16:15:31.619 INFO  manager.WDListener - Before Find Element:By.cssSelector: [placeholder='description']
16:15:31.645 INFO  manager.WDListener - After Find Element:By.cssSelector: [placeholder='description']
16:15:31.661 INFO  manager.WDListener - Location of element :(300, 535)
16:15:31.684 INFO  manager.WDListener - Before Click Element:inputtext = 
16:15:31.798 INFO  manager.WDListener - After Click Element:inputtext = 
16:15:31.875 INFO  manager.WDListener - After Send Keys Element:inputtext
16:15:31.922 INFO  manager.WDListener - After Send Keys Element:inputtext
16:15:31.978 INFO  manager.WDListener - After Send Keys Element:inputtext
16:15:31.978 INFO  tests.TestBase - Test data --> email : Contact(name=Black, lastName=Pasha, phone=0585435668, email=pasha6@mail.ru, address=Haifa, description=PB)
16:15:32.201 INFO  manager.WDListener - Before Find Element:By.xpath: //*[text()='Save']
16:15:32.221 INFO  manager.WDListener - After Find Element:By.xpath: //*[text()='Save']
16:15:32.228 INFO  manager.WDListener - Location of element :(951, 622)
16:15:32.235 INFO  manager.WDListener - Before Click Element:btext = Save
16:15:32.310 INFO  manager.WDListener - After Click Element:btext = Save
16:15:33.242 INFO  manager.TestNGListener - Success test -->addContactSuccessAllFieldsCSV
16:15:33.243 INFO  tests.TestBase - =================================================================
16:15:33.246 INFO  manager.TestNGListener - Finish testing on date -->Wed Jul 09 16:15:33 IDT 2025
