17:40:47.049 INFO  manager.ApplicationManager - All tests runs in Chrome Browser
17:40:47.693 INFO  manager.WDListener - Url-->https://telranedu.web.app/
17:40:49.054 INFO  manager.ApplicationManager - The link -->https://telranedu.web.app/home
17:40:49.082 INFO  manager.TestNGListener - Start testing on date -->Tue Jul 08 17:40:49 IDT 2025
17:40:49.138 INFO  tests.TestBase - Name of method -->loginSuccessDPF
17:40:56.194 INFO  manager.TestNGListener - Start test -->loginSuccessDPF
17:40:56.194 INFO  manager.WDListener - Before Find Element:By.xpath:  //a[text()='LOGIN']
17:40:56.242 INFO  manager.WDListener - After Find Element:By.xpath:  //a[text()='LOGIN']
17:40:56.274 INFO  manager.WDListener - Location of element :(1810, 34)
17:40:56.306 INFO  manager.WDListener - Before Click Element:atext = LOGIN
17:40:56.482 INFO  manager.WDListener - After Click Element:atext = LOGIN
17:40:56.484 INFO  manager.WDListener - Before Find Element:By.name: email
17:40:56.534 INFO  manager.WDListener - After Find Element:By.name: email
17:40:56.555 INFO  manager.WDListener - Location of element :(760, 250)
17:40:56.572 INFO  manager.WDListener - Before Click Element:inputtext = 
17:40:56.718 INFO  manager.WDListener - After Click Element:inputtext = 
17:40:56.840 INFO  manager.WDListener - After Send Keys Element:inputtext
17:40:56.905 INFO  manager.WDListener - After Send Keys Element:inputtext
17:40:56.998 INFO  manager.WDListener - After Send Keys Element:inputtext
17:40:56.998 INFO  manager.WDListener - Before Find Element:By.name: password
17:40:57.037 INFO  manager.WDListener - After Find Element:By.name: password
17:40:57.054 INFO  manager.WDListener - Location of element :(760, 320)
17:40:57.078 INFO  manager.WDListener - Before Click Element:inputtext = 
17:40:57.189 INFO  manager.WDListener - After Click Element:inputtext = 
17:40:57.322 INFO  manager.WDListener - After Send Keys Element:inputtext
17:40:57.379 INFO  manager.WDListener - After Send Keys Element:inputtext
17:40:57.491 INFO  manager.WDListener - After Send Keys Element:inputtext
17:40:57.493 INFO  tests.TestBase - Test data --> models.User@376c7d7d
17:40:57.494 INFO  manager.WDListener - Before Find Element:By.xpath: //button[text()='Login']
17:40:57.540 INFO  manager.WDListener - After Find Element:By.xpath: //button[text()='Login']
17:40:57.552 INFO  manager.WDListener - Location of element :(760, 390)
17:40:57.568 INFO  manager.WDListener - Before Click Element:buttontext = Login
17:40:59.069 INFO  tests.TestBase - Assert check is element button 'Sign out' present
17:40:59.072 INFO  manager.TestNGListener - Success test -->loginSuccessDPF
17:40:59.073 INFO  tests.TestBase - =================================================================
17:40:59.075 INFO  tests.TestBase - Name of method -->loginSuccessDPF
17:40:59.102 INFO  manager.WDListener - Before Find Element:By.xpath: //button[text()='Sign Out']
17:40:59.163 INFO  manager.WDListener - After Find Element:By.xpath: //button[text()='Sign Out']
17:40:59.180 INFO  manager.WDListener - Location of element :(1797, 39)
17:40:59.203 INFO  manager.WDListener - Before Click Element:buttontext = Sign Out
17:40:59.290 INFO  tests.TestBase - Before method finish logout
17:40:59.291 INFO  manager.TestNGListener - Start test -->loginSuccessDPF
17:40:59.292 INFO  manager.WDListener - Before Find Element:By.xpath:  //a[text()='LOGIN']
17:40:59.320 INFO  manager.WDListener - After Find Element:By.xpath:  //a[text()='LOGIN']
17:40:59.343 INFO  manager.WDListener - Location of element :(1808, 33)
17:40:59.367 INFO  manager.WDListener - Before Click Element:atext = LOGIN
17:40:59.469 INFO  manager.WDListener - After Click Element:atext = LOGIN
17:40:59.470 INFO  manager.WDListener - Before Find Element:By.name: email
17:40:59.496 INFO  manager.WDListener - After Find Element:By.name: email
17:40:59.517 INFO  manager.WDListener - Location of element :(760, 250)
17:40:59.542 INFO  manager.WDListener - Before Click Element:inputtext = 
17:40:59.654 INFO  manager.WDListener - After Click Element:inputtext = 
17:40:59.733 INFO  manager.WDListener - After Send Keys Element:inputtext
17:40:59.786 INFO  manager.WDListener - After Send Keys Element:inputtext
17:40:59.860 INFO  manager.WDListener - After Send Keys Element:inputtext
17:40:59.861 INFO  manager.WDListener - Before Find Element:By.name: password
17:40:59.881 INFO  manager.WDListener - After Find Element:By.name: password
17:40:59.897 INFO  manager.WDListener - Location of element :(760, 320)
17:40:59.915 INFO  manager.WDListener - Before Click Element:inputtext = 
17:41:00.035 INFO  manager.WDListener - After Click Element:inputtext = 
17:41:00.139 INFO  manager.WDListener - After Send Keys Element:inputtext
17:41:00.214 INFO  manager.WDListener - After Send Keys Element:inputtext
17:41:00.309 INFO  manager.WDListener - After Send Keys Element:inputtext
17:41:00.309 INFO  tests.TestBase - Test data --> models.User@31e130bf
17:41:00.310 INFO  manager.WDListener - Before Find Element:By.xpath: //button[text()='Login']
17:41:00.336 INFO  manager.WDListener - After Find Element:By.xpath: //button[text()='Login']
17:41:00.352 INFO  manager.WDListener - Location of element :(760, 390)
17:41:00.391 INFO  manager.WDListener - Before Click Element:buttontext = Login
17:41:00.802 INFO  tests.TestBase - Assert check is element button 'Sign out' present
17:41:00.802 INFO  manager.TestNGListener - Success test -->loginSuccessDPF
17:41:00.804 INFO  tests.TestBase - =================================================================
17:41:00.804 INFO  tests.TestBase - Name of method -->loginSuccessDPF
17:41:00.850 INFO  manager.WDListener - Before Find Element:By.xpath: //button[text()='Sign Out']
17:41:00.899 INFO  manager.WDListener - After Find Element:By.xpath: //button[text()='Sign Out']
17:41:00.942 INFO  manager.WDListener - Location of element :(1812, 39)
17:41:00.970 INFO  manager.WDListener - Before Click Element:buttontext = Sign Out
17:41:01.094 INFO  tests.TestBase - Before method finish logout
17:41:01.095 INFO  manager.TestNGListener - Start test -->loginSuccessDPF
17:41:01.096 INFO  manager.WDListener - Before Find Element:By.xpath:  //a[text()='LOGIN']
17:41:01.138 INFO  manager.WDListener - After Find Element:By.xpath:  //a[text()='LOGIN']
17:41:01.172 INFO  manager.WDListener - Location of element :(1808, 33)
17:41:01.207 INFO  manager.WDListener - Before Click Element:atext = LOGIN
17:41:01.309 INFO  manager.WDListener - After Click Element:atext = LOGIN
17:41:01.311 INFO  manager.WDListener - Before Find Element:By.name: email
17:41:01.343 INFO  manager.WDListener - After Find Element:By.name: email
17:41:01.368 INFO  manager.WDListener - Location of element :(760, 250)
17:41:01.400 INFO  manager.WDListener - Before Click Element:inputtext = 
17:41:01.545 INFO  manager.WDListener - After Click Element:inputtext = 
17:41:01.648 INFO  manager.WDListener - After Send Keys Element:inputtext
17:41:01.705 INFO  manager.WDListener - After Send Keys Element:inputtext
17:41:01.783 INFO  manager.WDListener - After Send Keys Element:inputtext
17:41:01.784 INFO  manager.WDListener - Before Find Element:By.name: password
17:41:01.818 INFO  manager.WDListener - After Find Element:By.name: password
17:41:01.843 INFO  manager.WDListener - Location of element :(760, 320)
17:41:01.871 INFO  manager.WDListener - Before Click Element:inputtext = 
17:41:01.985 INFO  manager.WDListener - After Click Element:inputtext = 
17:41:02.080 INFO  manager.WDListener - After Send Keys Element:inputtext
17:41:02.156 INFO  manager.WDListener - After Send Keys Element:inputtext
17:41:02.261 INFO  manager.WDListener - After Send Keys Element:inputtext
17:41:02.261 INFO  tests.TestBase - Test data --> models.User@5034f5dd
17:41:02.261 INFO  manager.WDListener - Before Find Element:By.xpath: //button[text()='Login']
17:41:02.274 INFO  manager.WDListener - After Find Element:By.xpath: //button[text()='Login']
17:41:02.305 INFO  manager.WDListener - Location of element :(760, 390)
17:41:02.336 INFO  manager.WDListener - Before Click Element:buttontext = Login
17:41:02.734 INFO  tests.TestBase - Assert check is element button 'Sign out' present
17:41:02.734 INFO  manager.TestNGListener - Success test -->loginSuccessDPF
17:41:02.736 INFO  tests.TestBase - =================================================================
17:41:02.736 INFO  manager.TestNGListener - Finish testing on date -->Tue Jul 08 17:41:02 IDT 2025
