16:19:43.863 INFO  manager.ApplicationManager - All tests runs in Chrome Browser
16:19:44.290 INFO  manager.WDListener - Url-->https://telranedu.web.app/
16:19:46.114 INFO  manager.ApplicationManager - The link -->https://telranedu.web.app/home
16:19:46.130 INFO  manager.TestNGListener - Start testing on date -->Sat Jul 12 16:19:46 IDT 2025
16:19:46.157 INFO  tests.TestBase - Name of method -->LoginNoNumberEmailTest
16:19:51.190 INFO  manager.TestNGListener - Start test -->LoginNoNumberEmailTest
16:19:51.193 INFO  manager.WDListener - Before Find Element:By.xpath:  //a[text()='LOGIN']
16:19:51.252 INFO  manager.WDListener - After Find Element:By.xpath:  //a[text()='LOGIN']
16:19:51.270 INFO  manager.WDListener - Location of element :(1810, 34)
16:19:51.293 INFO  manager.WDListener - Before Click Element:atext = LOGIN
16:19:51.381 INFO  manager.WDListener - After Click Element:atext = LOGIN
16:19:51.382 INFO  manager.WDListener - Before Find Element:By.name: email
16:19:51.415 INFO  manager.WDListener - After Find Element:By.name: email
16:19:51.428 INFO  manager.WDListener - Location of element :(760, 250)
16:19:51.447 INFO  manager.WDListener - Before Click Element:inputtext = 
16:19:51.561 INFO  manager.WDListener - After Click Element:inputtext = 
16:19:51.655 INFO  manager.WDListener - After Send Keys Element:inputtext
16:19:51.702 INFO  manager.WDListener - After Send Keys Element:inputtext
16:19:51.762 INFO  manager.WDListener - After Send Keys Element:inputtext
16:19:51.763 INFO  manager.WDListener - Before Find Element:By.name: password
16:19:51.790 INFO  manager.WDListener - After Find Element:By.name: password
16:19:51.802 INFO  manager.WDListener - Location of element :(760, 320)
16:19:51.818 INFO  manager.WDListener - Before Click Element:inputtext = 
16:19:51.891 INFO  manager.WDListener - After Click Element:inputtext = 
16:19:51.956 INFO  manager.WDListener - After Send Keys Element:inputtext
16:19:52.001 INFO  manager.WDListener - After Send Keys Element:inputtext
16:19:52.059 INFO  manager.WDListener - After Send Keys Element:inputtext
16:19:52.059 INFO  tests.TestBase - Test data --> email : 'solsrgd@mail.ru' & password : 'Atteloiv369!'
16:19:52.060 INFO  manager.WDListener - Before Find Element:By.xpath: //button[text()='Login']
16:19:52.087 INFO  manager.WDListener - After Find Element:By.xpath: //button[text()='Login']
16:19:52.100 INFO  manager.WDListener - Location of element :(760, 390)
16:19:52.115 INFO  manager.WDListener - Before Click Element:buttontext = Login
16:19:52.220 INFO  manager.WDListener - I have a problem!!!
16:19:52.221 INFO  manager.WDListener - Object target --> org.openqa.selenium.remote.RemoteWebDriver$RemoteTargetLocator@5634d0f4
16:19:52.221 INFO  manager.WDListener - ******************
16:19:52.221 INFO  manager.WDListener - Method name -->alert
16:19:52.221 INFO  manager.WDListener - ******************
16:19:52.221 INFO  manager.WDListener - InvocationTargetExceptionorg.openqa.selenium.NoAlertPresentException: no such alert
  (Session info: chrome=138.0.7204.97)
Build info: version: '4.16.1', revision: '9b4c83354e'
System info: os.name: 'Windows 11', os.arch: 'amd64', os.version: '10.0', java.version: '17.0.12'
Driver info: org.openqa.selenium.chrome.ChromeDriver
Command: [f0dfec487a2129e14b822cb7e6119eb7, getAlertText {}]
Capabilities {acceptInsecureCerts: false, browserName: chrome, browserVersion: 138.0.7204.97, chrome: {chromedriverVersion: 138.0.7204.92 (f079b9bc781e..., userDataDir: C:\Users\HP\AppData\Local\T...}, fedcm:accounts: true, goog:chromeOptions: {debuggerAddress: localhost:57057}, networkConnectionEnabled: false, pageLoadStrategy: normal, platformName: windows, proxy: Proxy(), se:cdp: ws://localhost:57057/devtoo..., se:cdpVersion: 138.0.7204.97, setWindowRect: true, strictFileInteractability: false, timeouts: {implicit: 0, pageLoad: 300000, script: 30000}, unhandledPromptBehavior: dismiss and notify, webauthn:extension:credBlob: true, webauthn:extension:largeBlob: true, webauthn:extension:minPinLength: true, webauthn:extension:prf: true, webauthn:virtualAuthenticators: true}
Session ID: f0dfec487a2129e14b822cb7e6119eb7
16:19:52.222 INFO  manager.WDListener - ******************
16:19:52.781 INFO  manager.WDListener - I have a problem!!!
16:19:52.781 INFO  manager.WDListener - Object target --> org.openqa.selenium.remote.RemoteWebDriver$RemoteTargetLocator@709ed6f3
16:19:52.781 INFO  manager.WDListener - ******************
16:19:52.781 INFO  manager.WDListener - Method name -->alert
16:19:52.782 INFO  manager.WDListener - ******************
16:19:52.782 INFO  manager.WDListener - InvocationTargetExceptionorg.openqa.selenium.NoAlertPresentException: no such alert
  (Session info: chrome=138.0.7204.97)
Build info: version: '4.16.1', revision: '9b4c83354e'
System info: os.name: 'Windows 11', os.arch: 'amd64', os.version: '10.0', java.version: '17.0.12'
Driver info: org.openqa.selenium.chrome.ChromeDriver
Command: [f0dfec487a2129e14b822cb7e6119eb7, getAlertText {}]
Capabilities {acceptInsecureCerts: false, browserName: chrome, browserVersion: 138.0.7204.97, chrome: {chromedriverVersion: 138.0.7204.92 (f079b9bc781e..., userDataDir: C:\Users\HP\AppData\Local\T...}, fedcm:accounts: true, goog:chromeOptions: {debuggerAddress: localhost:57057}, networkConnectionEnabled: false, pageLoadStrategy: normal, platformName: windows, proxy: Proxy(), se:cdp: ws://localhost:57057/devtoo..., se:cdpVersion: 138.0.7204.97, setWindowRect: true, strictFileInteractability: false, timeouts: {implicit: 0, pageLoad: 300000, script: 30000}, unhandledPromptBehavior: dismiss and notify, webauthn:extension:credBlob: true, webauthn:extension:largeBlob: true, webauthn:extension:minPinLength: true, webauthn:extension:prf: true, webauthn:virtualAuthenticators: true}
Session ID: f0dfec487a2129e14b822cb7e6119eb7
16:19:52.783 INFO  manager.WDListener - ******************
16:19:53.315 INFO  manager.WDListener - I have a problem!!!
16:19:53.316 INFO  manager.WDListener - Object target --> org.openqa.selenium.remote.RemoteWebDriver$RemoteTargetLocator@181b8c4b
16:19:53.316 INFO  manager.WDListener - ******************
16:19:53.316 INFO  manager.WDListener - Method name -->alert
16:19:53.317 INFO  manager.WDListener - ******************
16:19:53.317 INFO  manager.WDListener - InvocationTargetExceptionorg.openqa.selenium.NoAlertPresentException: no such alert
  (Session info: chrome=138.0.7204.97)
Build info: version: '4.16.1', revision: '9b4c83354e'
System info: os.name: 'Windows 11', os.arch: 'amd64', os.version: '10.0', java.version: '17.0.12'
Driver info: org.openqa.selenium.chrome.ChromeDriver
Command: [f0dfec487a2129e14b822cb7e6119eb7, getAlertText {}]
Capabilities {acceptInsecureCerts: false, browserName: chrome, browserVersion: 138.0.7204.97, chrome: {chromedriverVersion: 138.0.7204.92 (f079b9bc781e..., userDataDir: C:\Users\HP\AppData\Local\T...}, fedcm:accounts: true, goog:chromeOptions: {debuggerAddress: localhost:57057}, networkConnectionEnabled: false, pageLoadStrategy: normal, platformName: windows, proxy: Proxy(), se:cdp: ws://localhost:57057/devtoo..., se:cdpVersion: 138.0.7204.97, setWindowRect: true, strictFileInteractability: false, timeouts: {implicit: 0, pageLoad: 300000, script: 30000}, unhandledPromptBehavior: dismiss and notify, webauthn:extension:credBlob: true, webauthn:extension:largeBlob: true, webauthn:extension:minPinLength: true, webauthn:extension:prf: true, webauthn:virtualAuthenticators: true}
Session ID: f0dfec487a2129e14b822cb7e6119eb7
16:19:53.318 INFO  manager.WDListener - ******************
16:19:53.861 INFO  tests.TestBase - Assert check is  alert present with text 'Wrong email or password'
16:19:53.864 INFO  manager.TestNGListener - Success test -->LoginNoNumberEmailTest
16:19:53.865 INFO  tests.TestBase - =================================================================
16:19:53.871 INFO  tests.TestBase - Name of method -->LoginWrongEmailSymbolTest
16:19:58.904 INFO  manager.TestNGListener - Start test -->LoginWrongEmailSymbolTest
16:19:58.905 INFO  manager.WDListener - Before Find Element:By.xpath:  //a[text()='LOGIN']
16:19:58.930 INFO  manager.WDListener - After Find Element:By.xpath:  //a[text()='LOGIN']
16:19:58.941 INFO  manager.WDListener - Location of element :(1808, 33)
16:19:58.956 INFO  manager.WDListener - Before Click Element:atext = LOGIN
16:19:59.026 INFO  manager.WDListener - After Click Element:atext = LOGIN
16:19:59.027 INFO  manager.WDListener - Before Find Element:By.name: email
16:19:59.048 INFO  manager.WDListener - After Find Element:By.name: email
16:19:59.059 INFO  manager.WDListener - Location of element :(760, 281)
16:19:59.076 INFO  manager.WDListener - Before Click Element:inputtext = 
16:19:59.147 INFO  manager.WDListener - After Click Element:inputtext = 
16:19:59.238 INFO  manager.WDListener - After Send Keys Element:inputtext
16:19:59.278 INFO  manager.WDListener - After Send Keys Element:inputtext
16:19:59.342 INFO  manager.WDListener - After Send Keys Element:inputtext
16:19:59.343 INFO  manager.WDListener - Before Find Element:By.name: password
16:19:59.363 INFO  manager.WDListener - After Find Element:By.name: password
16:19:59.374 INFO  manager.WDListener - Location of element :(760, 351)
16:19:59.388 INFO  manager.WDListener - Before Click Element:inputtext = 
16:19:59.456 INFO  manager.WDListener - After Click Element:inputtext = 
16:19:59.538 INFO  manager.WDListener - After Send Keys Element:inputtext
16:19:59.581 INFO  manager.WDListener - After Send Keys Element:inputtext
16:19:59.656 INFO  manager.WDListener - After Send Keys Element:inputtext
16:19:59.656 INFO  tests.TestBase - Test data --> email : 'solodka1998mail.ru' & password : 'Atteloiv369!'
16:19:59.656 INFO  manager.WDListener - Before Find Element:By.xpath: //button[text()='Login']
16:19:59.676 INFO  manager.WDListener - After Find Element:By.xpath: //button[text()='Login']
16:19:59.688 INFO  manager.WDListener - Location of element :(760, 421)
16:19:59.703 INFO  manager.WDListener - Before Click Element:buttontext = Login
16:19:59.790 INFO  manager.WDListener - I have a problem!!!
16:19:59.790 INFO  manager.WDListener - Object target --> org.openqa.selenium.remote.RemoteWebDriver$RemoteTargetLocator@5578be42
16:19:59.790 INFO  manager.WDListener - ******************
16:19:59.790 INFO  manager.WDListener - Method name -->alert
16:19:59.790 INFO  manager.WDListener - ******************
16:19:59.791 INFO  manager.WDListener - InvocationTargetExceptionorg.openqa.selenium.NoAlertPresentException: no such alert
  (Session info: chrome=138.0.7204.97)
Build info: version: '4.16.1', revision: '9b4c83354e'
System info: os.name: 'Windows 11', os.arch: 'amd64', os.version: '10.0', java.version: '17.0.12'
Driver info: org.openqa.selenium.chrome.ChromeDriver
Command: [f0dfec487a2129e14b822cb7e6119eb7, getAlertText {}]
Capabilities {acceptInsecureCerts: false, browserName: chrome, browserVersion: 138.0.7204.97, chrome: {chromedriverVersion: 138.0.7204.92 (f079b9bc781e..., userDataDir: C:\Users\HP\AppData\Local\T...}, fedcm:accounts: true, goog:chromeOptions: {debuggerAddress: localhost:57057}, networkConnectionEnabled: false, pageLoadStrategy: normal, platformName: windows, proxy: Proxy(), se:cdp: ws://localhost:57057/devtoo..., se:cdpVersion: 138.0.7204.97, setWindowRect: true, strictFileInteractability: false, timeouts: {implicit: 0, pageLoad: 300000, script: 30000}, unhandledPromptBehavior: dismiss and notify, webauthn:extension:credBlob: true, webauthn:extension:largeBlob: true, webauthn:extension:minPinLength: true, webauthn:extension:prf: true, webauthn:virtualAuthenticators: true}
Session ID: f0dfec487a2129e14b822cb7e6119eb7
16:19:59.791 INFO  manager.WDListener - ******************
16:20:00.360 INFO  tests.TestBase - Assert check is  alert present with text 'Wrong email or password'
16:20:00.361 INFO  manager.TestNGListener - Success test -->LoginWrongEmailSymbolTest
16:20:00.363 INFO  tests.TestBase - =================================================================
16:20:00.367 INFO  tests.TestBase - Name of method -->registrationExistsUser
16:20:05.410 INFO  manager.TestNGListener - Start test -->registrationExistsUser
16:20:05.410 INFO  manager.WDListener - Before Find Element:By.xpath:  //a[text()='LOGIN']
16:20:05.433 INFO  manager.WDListener - After Find Element:By.xpath:  //a[text()='LOGIN']
16:20:05.445 INFO  manager.WDListener - Location of element :(1808, 33)
16:20:05.462 INFO  manager.WDListener - Before Click Element:atext = LOGIN
16:20:05.526 INFO  manager.WDListener - After Click Element:atext = LOGIN
16:20:05.528 INFO  manager.WDListener - Before Find Element:By.name: email
16:20:05.544 INFO  manager.WDListener - After Find Element:By.name: email
16:20:05.555 INFO  manager.WDListener - Location of element :(760, 281)
16:20:05.570 INFO  manager.WDListener - Before Click Element:inputtext = 
16:20:05.643 INFO  manager.WDListener - After Click Element:inputtext = 
16:20:05.731 INFO  manager.WDListener - After Send Keys Element:inputtext
16:20:05.773 INFO  manager.WDListener - After Send Keys Element:inputtext
16:20:05.849 INFO  manager.WDListener - After Send Keys Element:inputtext
16:20:05.850 INFO  manager.WDListener - Before Find Element:By.name: password
16:20:05.868 INFO  manager.WDListener - After Find Element:By.name: password
16:20:05.878 INFO  manager.WDListener - Location of element :(760, 351)
16:20:05.893 INFO  manager.WDListener - Before Click Element:inputtext = 
16:20:05.962 INFO  manager.WDListener - After Click Element:inputtext = 
16:20:06.047 INFO  manager.WDListener - After Send Keys Element:inputtext
16:20:06.086 INFO  manager.WDListener - After Send Keys Element:inputtext
16:20:06.155 INFO  manager.WDListener - After Send Keys Element:inputtext
16:20:06.155 INFO  manager.WDListener - Before Find Element:By.xpath: //button[text()='Registration']
16:20:06.178 INFO  manager.WDListener - After Find Element:By.xpath: //button[text()='Registration']
16:20:06.188 INFO  manager.WDListener - Location of element :(1010, 421)
16:20:06.203 INFO  manager.WDListener - Before Click Element:buttontext = Registration
16:20:06.275 INFO  manager.WDListener - I have a problem!!!
16:20:06.275 INFO  manager.WDListener - Object target --> org.openqa.selenium.remote.RemoteWebDriver$RemoteTargetLocator@3f183caa
16:20:06.275 INFO  manager.WDListener - ******************
16:20:06.275 INFO  manager.WDListener - Method name -->alert
16:20:06.275 INFO  manager.WDListener - ******************
16:20:06.276 INFO  manager.WDListener - InvocationTargetExceptionorg.openqa.selenium.NoAlertPresentException: no such alert
  (Session info: chrome=138.0.7204.97)
Build info: version: '4.16.1', revision: '9b4c83354e'
System info: os.name: 'Windows 11', os.arch: 'amd64', os.version: '10.0', java.version: '17.0.12'
Driver info: org.openqa.selenium.chrome.ChromeDriver
Command: [f0dfec487a2129e14b822cb7e6119eb7, getAlertText {}]
Capabilities {acceptInsecureCerts: false, browserName: chrome, browserVersion: 138.0.7204.97, chrome: {chromedriverVersion: 138.0.7204.92 (f079b9bc781e..., userDataDir: C:\Users\HP\AppData\Local\T...}, fedcm:accounts: true, goog:chromeOptions: {debuggerAddress: localhost:57057}, networkConnectionEnabled: false, pageLoadStrategy: normal, platformName: windows, proxy: Proxy(), se:cdp: ws://localhost:57057/devtoo..., se:cdpVersion: 138.0.7204.97, setWindowRect: true, strictFileInteractability: false, timeouts: {implicit: 0, pageLoad: 300000, script: 30000}, unhandledPromptBehavior: dismiss and notify, webauthn:extension:credBlob: true, webauthn:extension:largeBlob: true, webauthn:extension:minPinLength: true, webauthn:extension:prf: true, webauthn:virtualAuthenticators: true}
Session ID: f0dfec487a2129e14b822cb7e6119eb7
16:20:06.276 INFO  manager.WDListener - ******************
16:20:06.810 INFO  manager.TestNGListener - Success test -->registrationExistsUser
16:20:06.812 INFO  tests.TestBase - =================================================================
16:20:06.814 INFO  tests.TestBase - Name of method -->registrationSuccess
16:20:11.835 INFO  manager.TestNGListener - Start test -->registrationSuccess
16:20:11.835 INFO  tests.TestBase - Start test: Registration Success
16:20:11.836 INFO  manager.WDListener - Before Find Element:By.xpath:  //a[text()='LOGIN']
16:20:11.853 INFO  manager.WDListener - After Find Element:By.xpath:  //a[text()='LOGIN']
16:20:11.866 INFO  manager.WDListener - Location of element :(1808, 33)
16:20:11.883 INFO  manager.WDListener - Before Click Element:atext = LOGIN
16:20:11.952 INFO  manager.WDListener - After Click Element:atext = LOGIN
16:20:11.953 INFO  manager.WDListener - Before Find Element:By.name: email
16:20:11.970 INFO  manager.WDListener - After Find Element:By.name: email
16:20:11.982 INFO  manager.WDListener - Location of element :(760, 281)
16:20:11.997 INFO  manager.WDListener - Before Click Element:inputtext = 
16:20:12.068 INFO  manager.WDListener - After Click Element:inputtext = 
16:20:12.156 INFO  manager.WDListener - After Send Keys Element:inputtext
16:20:12.198 INFO  manager.WDListener - After Send Keys Element:inputtext
16:20:12.264 INFO  manager.WDListener - After Send Keys Element:inputtext
16:20:12.264 INFO  manager.WDListener - Before Find Element:By.name: password
16:20:12.283 INFO  manager.WDListener - After Find Element:By.name: password
16:20:12.296 INFO  manager.WDListener - Location of element :(760, 351)
16:20:12.315 INFO  manager.WDListener - Before Click Element:inputtext = 
16:20:12.389 INFO  manager.WDListener - After Click Element:inputtext = 
16:20:12.477 INFO  manager.WDListener - After Send Keys Element:inputtext
16:20:12.526 INFO  manager.WDListener - After Send Keys Element:inputtext
16:20:12.592 INFO  manager.WDListener - After Send Keys Element:inputtext
16:20:12.593 INFO  manager.WDListener - Before Find Element:By.xpath: //button[text()='Registration']
16:20:12.616 INFO  manager.WDListener - After Find Element:By.xpath: //button[text()='Registration']
16:20:12.629 INFO  manager.WDListener - Location of element :(1010, 421)
16:20:12.652 INFO  manager.WDListener - Before Click Element:buttontext = Registration
16:20:13.043 INFO  manager.WDListener - Before Find Element:By.cssSelector: .contact-page_message__2qafk>h1
16:20:13.495 INFO  manager.WDListener - After Find Element:By.cssSelector: .contact-page_message__2qafk>h1
16:20:13.506 INFO  manager.WDListener - Location of element :(825, 271)
16:20:13.516 INFO  manager.TestNGListener - Success test -->registrationSuccess
16:20:13.516 INFO  tests.TestBase - =================================================================
16:20:13.534 INFO  tests.TestBase - Name of method -->addContactSuccessAllFields
16:20:13.534 INFO  manager.TestNGListener - Start test -->addContactSuccessAllFields
16:20:13.537 INFO  manager.WDListener - Before Find Element:By.xpath: //*[text()='ADD']
16:20:13.560 INFO  manager.WDListener - After Find Element:By.xpath: //*[text()='ADD']
16:20:13.571 INFO  manager.WDListener - Location of element :(1511, 34)
16:20:13.587 INFO  manager.WDListener - Before Click Element:atext = ADD
16:20:13.679 INFO  manager.WDListener - After Click Element:atext = ADD
16:20:13.680 INFO  manager.WDListener - Before Find Element:By.cssSelector: [placeholder='Name']
16:20:13.699 INFO  manager.WDListener - After Find Element:By.cssSelector: [placeholder='Name']
16:20:13.711 INFO  manager.WDListener - Location of element :(300, 165)
16:20:13.728 INFO  manager.WDListener - Before Click Element:inputtext = 
16:20:13.832 INFO  manager.WDListener - After Click Element:inputtext = 
16:20:13.911 INFO  manager.WDListener - After Send Keys Element:inputtext
16:20:13.952 INFO  manager.WDListener - After Send Keys Element:inputtext
16:20:14.003 INFO  manager.WDListener - After Send Keys Element:inputtext
16:20:14.004 INFO  manager.WDListener - Before Find Element:By.cssSelector: [placeholder='Last Name']
16:20:14.022 INFO  manager.WDListener - After Find Element:By.cssSelector: [placeholder='Last Name']
16:20:14.033 INFO  manager.WDListener - Location of element :(300, 239)
16:20:14.049 INFO  manager.WDListener - Before Click Element:inputtext = 
16:20:14.124 INFO  manager.WDListener - After Click Element:inputtext = 
16:20:14.189 INFO  manager.WDListener - After Send Keys Element:inputtext
16:20:14.232 INFO  manager.WDListener - After Send Keys Element:inputtext
16:20:14.284 INFO  manager.WDListener - After Send Keys Element:inputtext
16:20:14.285 INFO  manager.WDListener - Before Find Element:By.cssSelector: [placeholder='Phone']
16:20:14.303 INFO  manager.WDListener - After Find Element:By.cssSelector: [placeholder='Phone']
16:20:14.316 INFO  manager.WDListener - Location of element :(300, 313)
16:20:14.333 INFO  manager.WDListener - Before Click Element:inputtext = 
16:20:14.413 INFO  manager.WDListener - After Click Element:inputtext = 
16:20:14.481 INFO  manager.WDListener - After Send Keys Element:inputtext
16:20:14.523 INFO  manager.WDListener - After Send Keys Element:inputtext
16:20:14.582 INFO  manager.WDListener - After Send Keys Element:inputtext
16:20:14.582 INFO  manager.WDListener - Before Find Element:By.cssSelector: [placeholder='email']
16:20:14.601 INFO  manager.WDListener - After Find Element:By.cssSelector: [placeholder='email']
16:20:14.613 INFO  manager.WDListener - Location of element :(300, 387)
16:20:14.630 INFO  manager.WDListener - Before Click Element:inputtext = 
16:20:14.703 INFO  manager.WDListener - After Click Element:inputtext = 
16:20:14.773 INFO  manager.WDListener - After Send Keys Element:inputtext
16:20:14.816 INFO  manager.WDListener - After Send Keys Element:inputtext
16:20:14.889 INFO  manager.WDListener - After Send Keys Element:inputtext
16:20:14.889 INFO  manager.WDListener - Before Find Element:By.cssSelector: [placeholder = 'Address']
16:20:14.908 INFO  manager.WDListener - After Find Element:By.cssSelector: [placeholder = 'Address']
16:20:14.921 INFO  manager.WDListener - Location of element :(300, 461)
16:20:14.939 INFO  manager.WDListener - Before Click Element:inputtext = 
16:20:15.014 INFO  manager.WDListener - After Click Element:inputtext = 
16:20:15.088 INFO  manager.WDListener - After Send Keys Element:inputtext
16:20:15.141 INFO  manager.WDListener - After Send Keys Element:inputtext
16:20:15.194 INFO  manager.WDListener - After Send Keys Element:inputtext
16:20:15.195 INFO  manager.WDListener - Before Find Element:By.cssSelector: [placeholder='description']
16:20:15.213 INFO  manager.WDListener - After Find Element:By.cssSelector: [placeholder='description']
16:20:15.227 INFO  manager.WDListener - Location of element :(300, 535)
16:20:15.244 INFO  manager.WDListener - Before Click Element:inputtext = 
16:20:15.376 INFO  manager.WDListener - After Click Element:inputtext = 
16:20:15.503 INFO  manager.WDListener - After Send Keys Element:inputtext
16:20:15.565 INFO  manager.WDListener - After Send Keys Element:inputtext
16:20:15.647 INFO  manager.WDListener - After Send Keys Element:inputtext
16:20:15.962 INFO  manager.WDListener - Before Find Element:By.xpath: //*[text()='Save']
16:20:15.982 INFO  manager.WDListener - After Find Element:By.xpath: //*[text()='Save']
16:20:15.993 INFO  manager.WDListener - Location of element :(951, 622)
16:20:16.007 INFO  manager.WDListener - Before Click Element:btext = Save
16:20:16.079 INFO  manager.WDListener - After Click Element:btext = Save
16:20:16.879 INFO  manager.TestNGListener - Success test -->addContactSuccessAllFields
16:20:16.880 INFO  tests.TestBase - =================================================================
16:20:16.918 INFO  manager.WDListener - Before Find Element:By.xpath: //*[text()='ADD']
16:20:16.934 INFO  manager.WDListener - After Find Element:By.xpath: //*[text()='ADD']
16:20:16.947 INFO  manager.WDListener - Location of element :(1511, 34)
16:20:16.962 INFO  manager.WDListener - Before Click Element:atext = ADD
16:20:17.032 INFO  manager.WDListener - After Click Element:atext = ADD
16:20:17.032 INFO  manager.WDListener - Before Find Element:By.cssSelector: [placeholder='Name']
16:20:17.048 INFO  manager.WDListener - After Find Element:By.cssSelector: [placeholder='Name']
16:20:17.057 INFO  manager.WDListener - Location of element :(300, 165)
16:20:17.072 INFO  manager.WDListener - Before Click Element:inputtext = 
16:20:17.138 INFO  manager.WDListener - After Click Element:inputtext = 
16:20:17.218 INFO  manager.WDListener - After Send Keys Element:inputtext
16:20:17.274 INFO  manager.WDListener - After Send Keys Element:inputtext
16:20:17.330 INFO  manager.WDListener - After Send Keys Element:inputtext
16:20:17.331 INFO  manager.WDListener - Before Find Element:By.cssSelector: [placeholder='Last Name']
16:20:17.347 INFO  manager.WDListener - After Find Element:By.cssSelector: [placeholder='Last Name']
16:20:17.358 INFO  manager.WDListener - Location of element :(300, 239)
16:20:17.373 INFO  manager.WDListener - Before Click Element:inputtext = 
16:20:17.453 INFO  manager.WDListener - After Click Element:inputtext = 
16:20:17.521 INFO  manager.WDListener - After Send Keys Element:inputtext
16:20:17.564 INFO  manager.WDListener - After Send Keys Element:inputtext
16:20:17.610 INFO  manager.WDListener - After Send Keys Element:inputtext
16:20:17.610 INFO  manager.WDListener - Before Find Element:By.cssSelector: [placeholder='Phone']
16:20:17.627 INFO  manager.WDListener - After Find Element:By.cssSelector: [placeholder='Phone']
16:20:17.637 INFO  manager.WDListener - Location of element :(300, 313)
16:20:17.657 INFO  manager.WDListener - Before Click Element:inputtext = 
16:20:17.728 INFO  manager.WDListener - After Click Element:inputtext = 
16:20:17.796 INFO  manager.WDListener - After Send Keys Element:inputtext
16:20:17.836 INFO  manager.WDListener - After Send Keys Element:inputtext
16:20:17.893 INFO  manager.WDListener - After Send Keys Element:inputtext
16:20:17.894 INFO  manager.WDListener - Before Find Element:By.cssSelector: [placeholder='email']
16:20:17.910 INFO  manager.WDListener - After Find Element:By.cssSelector: [placeholder='email']
16:20:17.920 INFO  manager.WDListener - Location of element :(300, 387)
16:20:17.934 INFO  manager.WDListener - Before Click Element:inputtext = 
16:20:17.998 INFO  manager.WDListener - After Click Element:inputtext = 
16:20:18.057 INFO  manager.WDListener - After Send Keys Element:inputtext
16:20:18.096 INFO  manager.WDListener - After Send Keys Element:inputtext
16:20:18.155 INFO  manager.WDListener - After Send Keys Element:inputtext
16:20:18.155 INFO  manager.WDListener - Before Find Element:By.cssSelector: [placeholder = 'Address']
16:20:18.169 INFO  manager.WDListener - After Find Element:By.cssSelector: [placeholder = 'Address']
16:20:18.179 INFO  manager.WDListener - Location of element :(300, 461)
16:20:18.194 INFO  manager.WDListener - Before Click Element:inputtext = 
16:20:18.257 INFO  manager.WDListener - After Click Element:inputtext = 
16:20:18.317 INFO  manager.WDListener - After Send Keys Element:inputtext
16:20:18.356 INFO  manager.WDListener - After Send Keys Element:inputtext
16:20:18.403 INFO  manager.WDListener - After Send Keys Element:inputtext
16:20:18.404 INFO  manager.WDListener - Before Find Element:By.cssSelector: [placeholder='description']
16:20:18.420 INFO  manager.WDListener - After Find Element:By.cssSelector: [placeholder='description']
16:20:18.430 INFO  manager.WDListener - Location of element :(300, 535)
16:20:18.444 INFO  manager.WDListener - Before Click Element:inputtext = 
16:20:18.507 INFO  manager.WDListener - After Click Element:inputtext = 
16:20:18.567 INFO  manager.WDListener - After Send Keys Element:inputtext
16:20:18.603 INFO  manager.WDListener - After Send Keys Element:inputtext
16:20:18.647 INFO  manager.WDListener - After Send Keys Element:inputtext
16:20:18.648 INFO  manager.WDListener - Before Find Element:By.xpath: //*[text()='Save']
16:20:18.661 INFO  manager.WDListener - After Find Element:By.xpath: //*[text()='Save']
16:20:18.671 INFO  manager.WDListener - Location of element :(951, 622)
16:20:18.685 INFO  manager.WDListener - Before Click Element:btext = Save
16:20:18.742 INFO  manager.WDListener - After Click Element:btext = Save
16:20:19.247 INFO  manager.WDListener - Before Find Element:By.xpath: //*[text()='ADD']
16:20:19.266 INFO  manager.WDListener - After Find Element:By.xpath: //*[text()='ADD']
16:20:19.282 INFO  manager.WDListener - Location of element :(1511, 34)
16:20:19.296 INFO  manager.WDListener - Before Click Element:atext = ADD
16:20:19.362 INFO  manager.WDListener - After Click Element:atext = ADD
16:20:19.362 INFO  manager.WDListener - Before Find Element:By.cssSelector: [placeholder='Name']
16:20:19.374 INFO  manager.WDListener - After Find Element:By.cssSelector: [placeholder='Name']
16:20:19.382 INFO  manager.WDListener - Location of element :(300, 165)
16:20:19.395 INFO  manager.WDListener - Before Click Element:inputtext = 
16:20:19.456 INFO  manager.WDListener - After Click Element:inputtext = 
16:20:19.514 INFO  manager.WDListener - After Send Keys Element:inputtext
16:20:19.555 INFO  manager.WDListener - After Send Keys Element:inputtext
16:20:19.603 INFO  manager.WDListener - After Send Keys Element:inputtext
16:20:19.604 INFO  manager.WDListener - Before Find Element:By.cssSelector: [placeholder='Last Name']
16:20:19.617 INFO  manager.WDListener - After Find Element:By.cssSelector: [placeholder='Last Name']
16:20:19.625 INFO  manager.WDListener - Location of element :(300, 239)
16:20:19.637 INFO  manager.WDListener - Before Click Element:inputtext = 
16:20:19.699 INFO  manager.WDListener - After Click Element:inputtext = 
16:20:19.755 INFO  manager.WDListener - After Send Keys Element:inputtext
16:20:19.792 INFO  manager.WDListener - After Send Keys Element:inputtext
16:20:19.830 INFO  manager.WDListener - After Send Keys Element:inputtext
16:20:19.830 INFO  manager.WDListener - Before Find Element:By.cssSelector: [placeholder='Phone']
16:20:19.843 INFO  manager.WDListener - After Find Element:By.cssSelector: [placeholder='Phone']
16:20:19.853 INFO  manager.WDListener - Location of element :(300, 313)
16:20:19.867 INFO  manager.WDListener - Before Click Element:inputtext = 
16:20:19.930 INFO  manager.WDListener - After Click Element:inputtext = 
16:20:19.988 INFO  manager.WDListener - After Send Keys Element:inputtext
16:20:20.025 INFO  manager.WDListener - After Send Keys Element:inputtext
16:20:20.080 INFO  manager.WDListener - After Send Keys Element:inputtext
16:20:20.080 INFO  manager.WDListener - Before Find Element:By.cssSelector: [placeholder='email']
16:20:20.095 INFO  manager.WDListener - After Find Element:By.cssSelector: [placeholder='email']
16:20:20.103 INFO  manager.WDListener - Location of element :(300, 387)
16:20:20.116 INFO  manager.WDListener - Before Click Element:inputtext = 
16:20:20.175 INFO  manager.WDListener - After Click Element:inputtext = 
16:20:20.230 INFO  manager.WDListener - After Send Keys Element:inputtext
16:20:20.267 INFO  manager.WDListener - After Send Keys Element:inputtext
16:20:20.325 INFO  manager.WDListener - After Send Keys Element:inputtext
16:20:20.326 INFO  manager.WDListener - Before Find Element:By.cssSelector: [placeholder = 'Address']
16:20:20.338 INFO  manager.WDListener - After Find Element:By.cssSelector: [placeholder = 'Address']
16:20:20.347 INFO  manager.WDListener - Location of element :(300, 461)
16:20:20.361 INFO  manager.WDListener - Before Click Element:inputtext = 
16:20:20.430 INFO  manager.WDListener - After Click Element:inputtext = 
16:20:20.498 INFO  manager.WDListener - After Send Keys Element:inputtext
16:20:20.538 INFO  manager.WDListener - After Send Keys Element:inputtext
16:20:20.584 INFO  manager.WDListener - After Send Keys Element:inputtext
16:20:20.584 INFO  manager.WDListener - Before Find Element:By.cssSelector: [placeholder='description']
16:20:20.597 INFO  manager.WDListener - After Find Element:By.cssSelector: [placeholder='description']
16:20:20.607 INFO  manager.WDListener - Location of element :(300, 535)
16:20:20.620 INFO  manager.WDListener - Before Click Element:inputtext = 
16:20:20.681 INFO  manager.WDListener - After Click Element:inputtext = 
16:20:20.737 INFO  manager.WDListener - After Send Keys Element:inputtext
16:20:20.773 INFO  manager.WDListener - After Send Keys Element:inputtext
16:20:20.815 INFO  manager.WDListener - After Send Keys Element:inputtext
16:20:20.816 INFO  manager.WDListener - Before Find Element:By.xpath: //*[text()='Save']
16:20:20.830 INFO  manager.WDListener - After Find Element:By.xpath: //*[text()='Save']
16:20:20.838 INFO  manager.WDListener - Location of element :(951, 622)
16:20:20.852 INFO  manager.WDListener - Before Click Element:btext = Save
16:20:20.906 INFO  manager.WDListener - After Click Element:btext = Save
16:20:21.407 INFO  manager.WDListener - Before Find Element:By.xpath: //*[text()='ADD']
16:20:21.427 INFO  manager.WDListener - After Find Element:By.xpath: //*[text()='ADD']
16:20:21.446 INFO  manager.WDListener - Location of element :(1511, 34)
16:20:21.461 INFO  manager.WDListener - Before Click Element:atext = ADD
16:20:21.526 INFO  manager.WDListener - After Click Element:atext = ADD
16:20:21.526 INFO  manager.WDListener - Before Find Element:By.cssSelector: [placeholder='Name']
16:20:21.539 INFO  manager.WDListener - After Find Element:By.cssSelector: [placeholder='Name']
16:20:21.547 INFO  manager.WDListener - Location of element :(300, 165)
16:20:21.560 INFO  manager.WDListener - Before Click Element:inputtext = 
16:20:21.623 INFO  manager.WDListener - After Click Element:inputtext = 
16:20:21.685 INFO  manager.WDListener - After Send Keys Element:inputtext
16:20:21.725 INFO  manager.WDListener - After Send Keys Element:inputtext
16:20:21.773 INFO  manager.WDListener - After Send Keys Element:inputtext
16:20:21.773 INFO  manager.WDListener - Before Find Element:By.cssSelector: [placeholder='Last Name']
16:20:21.787 INFO  manager.WDListener - After Find Element:By.cssSelector: [placeholder='Last Name']
16:20:21.796 INFO  manager.WDListener - Location of element :(300, 239)
16:20:21.810 INFO  manager.WDListener - Before Click Element:inputtext = 
16:20:21.876 INFO  manager.WDListener - After Click Element:inputtext = 
16:20:21.934 INFO  manager.WDListener - After Send Keys Element:inputtext
16:20:21.971 INFO  manager.WDListener - After Send Keys Element:inputtext
16:20:22.012 INFO  manager.WDListener - After Send Keys Element:inputtext
16:20:22.012 INFO  manager.WDListener - Before Find Element:By.cssSelector: [placeholder='Phone']
16:20:22.025 INFO  manager.WDListener - After Find Element:By.cssSelector: [placeholder='Phone']
16:20:22.034 INFO  manager.WDListener - Location of element :(300, 313)
16:20:22.047 INFO  manager.WDListener - Before Click Element:inputtext = 
16:20:22.112 INFO  manager.WDListener - After Click Element:inputtext = 
16:20:22.169 INFO  manager.WDListener - After Send Keys Element:inputtext
16:20:22.209 INFO  manager.WDListener - After Send Keys Element:inputtext
16:20:22.260 INFO  manager.WDListener - After Send Keys Element:inputtext
16:20:22.261 INFO  manager.WDListener - Before Find Element:By.cssSelector: [placeholder='email']
16:20:22.273 INFO  manager.WDListener - After Find Element:By.cssSelector: [placeholder='email']
16:20:22.283 INFO  manager.WDListener - Location of element :(300, 387)
16:20:22.296 INFO  manager.WDListener - Before Click Element:inputtext = 
16:20:22.356 INFO  manager.WDListener - After Click Element:inputtext = 
16:20:22.417 INFO  manager.WDListener - After Send Keys Element:inputtext
16:20:22.453 INFO  manager.WDListener - After Send Keys Element:inputtext
16:20:22.507 INFO  manager.WDListener - After Send Keys Element:inputtext
16:20:22.507 INFO  manager.WDListener - Before Find Element:By.cssSelector: [placeholder = 'Address']
16:20:22.520 INFO  manager.WDListener - After Find Element:By.cssSelector: [placeholder = 'Address']
16:20:22.530 INFO  manager.WDListener - Location of element :(300, 461)
16:20:22.544 INFO  manager.WDListener - Before Click Element:inputtext = 
16:20:22.607 INFO  manager.WDListener - After Click Element:inputtext = 
16:20:22.668 INFO  manager.WDListener - After Send Keys Element:inputtext
16:20:22.703 INFO  manager.WDListener - After Send Keys Element:inputtext
16:20:22.748 INFO  manager.WDListener - After Send Keys Element:inputtext
16:20:22.748 INFO  manager.WDListener - Before Find Element:By.cssSelector: [placeholder='description']
16:20:22.761 INFO  manager.WDListener - After Find Element:By.cssSelector: [placeholder='description']
16:20:22.771 INFO  manager.WDListener - Location of element :(300, 535)
16:20:22.783 INFO  manager.WDListener - Before Click Element:inputtext = 
16:20:22.848 INFO  manager.WDListener - After Click Element:inputtext = 
16:20:22.907 INFO  manager.WDListener - After Send Keys Element:inputtext
16:20:22.941 INFO  manager.WDListener - After Send Keys Element:inputtext
16:20:22.991 INFO  manager.WDListener - After Send Keys Element:inputtext
16:20:22.991 INFO  manager.WDListener - Before Find Element:By.xpath: //*[text()='Save']
16:20:23.004 INFO  manager.WDListener - After Find Element:By.xpath: //*[text()='Save']
16:20:23.014 INFO  manager.WDListener - Location of element :(951, 622)
16:20:23.027 INFO  manager.WDListener - Before Click Element:btext = Save
16:20:23.084 INFO  manager.WDListener - After Click Element:btext = Save
16:20:23.597 INFO  tests.TestBase - Name of method -->removeFirstContact
16:20:23.597 INFO  manager.TestNGListener - Start test -->removeFirstContact
16:20:23.633 INFO  manager.HelperBase - Number of Contact list before remove is -->4
16:20:23.634 INFO  manager.WDListener - Before Find Element:By.cssSelector: .contact-item_card__2SOIM
16:20:23.649 INFO  manager.WDListener - After Find Element:By.cssSelector: .contact-item_card__2SOIM
16:20:23.658 INFO  manager.WDListener - Location of element :(288, 150)
16:20:23.670 INFO  manager.WDListener - Before Click Element:divtext = Back1452
05287651452
16:20:23.733 INFO  manager.WDListener - After Click Element:divtext = Back1452
05287651452
16:20:23.733 INFO  manager.WDListener - Before Find Element:By.xpath: //button[text()='Remove']
16:20:23.749 INFO  manager.WDListener - After Find Element:By.xpath: //button[text()='Remove']
16:20:23.757 INFO  manager.WDListener - Location of element :(888, 371)
16:20:23.770 INFO  manager.WDListener - Before Click Element:buttontext = Remove
16:20:23.826 INFO  manager.WDListener - After Click Element:buttontext = Remove
16:20:24.864 INFO  manager.HelperBase - Number of Contact list after remove is -->3
16:20:24.864 INFO  manager.TestNGListener - Success test -->removeFirstContact
16:20:24.865 INFO  tests.TestBase - =================================================================
16:20:24.865 INFO  manager.TestNGListener - Finish testing on date -->Sat Jul 12 16:20:24 IDT 2025
