21:07:39.431 INFO  manager.ApplicationManager - All tests runs in Chrome Browser
21:07:40.572 INFO  manager.ApplicationManager - The link -->https://telranedu.web.app/home
21:07:40.599 INFO  tests.TestBase - Name of method -->LoginEmptyEmailTest
21:07:50.421 INFO  tests.TestBase - Test data --> email : '' & password : 'Atteloiv369!'
21:07:52.111 INFO  tests.TestBase - Assert check is  alert present with text 'Wrong email or password'
21:07:52.118 INFO  tests.TestBase - Name of method -->LoginEmptyPasswordTest
21:08:01.973 INFO  tests.TestBase - Test data --> email : 'solodka1998@mail.ru' & password : ''
21:08:02.608 INFO  tests.TestBase - Assert check is  alert present with text 'Wrong email or password'
21:08:02.614 INFO  tests.TestBase - Name of method -->LoginNoNumberEmailTest
21:08:12.501 INFO  tests.TestBase - Test data --> email : 'solsrgd@mail.ru' & password : 'Atteloiv369!'
21:08:13.102 INFO  tests.TestBase - Assert check is  alert present with text 'Wrong email or password'
21:08:13.102 INFO  tests.TestBase - Name of method -->LoginPasswordHasNoUppercaseLetterTest
21:08:22.768 INFO  tests.TestBase - Test data --> email : 'solodka1998@mail.ru' & password : 'atteloiv369!'
21:08:23.389 INFO  tests.TestBase - Assert check is  alert present with text 'Wrong email or password'
21:08:23.391 INFO  tests.TestBase - Name of method -->LoginPasswordNoUppercaseNumberTest
21:08:33.142 INFO  tests.TestBase - Test data --> email : 'solodka1998@mail.ru' & password : 'Atteloiv!'
21:08:33.750 INFO  tests.TestBase - Assert check is  alert present with text 'Wrong email or password'
21:08:33.752 INFO  tests.TestBase - Name of method -->LoginSuccessModel
21:08:43.486 INFO  tests.TestBase - Test data --> email : 'solodka1998@mail.ru' & password : 'Atteloiv369!'
21:08:43.835 INFO  tests.TestBase - Assert check is element button 'Sign out' present
21:08:43.837 INFO  tests.TestBase - Name of method -->LoginSuccessTest
21:08:43.949 INFO  tests.TestBase - Before method finish logout
21:08:43.950 INFO  tests.TestBase - Start test: Login Success
21:08:46.529 INFO  tests.TestBase - Test data --> email : 'solodka1998@mail.ru' & password : 'Atteloiv369!'
21:08:46.938 INFO  tests.TestBase - Assert check is element button 'Sign out' present
21:08:46.949 INFO  tests.TestBase - Name of method -->LoginUnRegisterUserTest
21:08:47.037 INFO  tests.TestBase - Before method finish logout
21:08:49.619 INFO  tests.TestBase - Test data --> email : 'solodka1998@gmail.com' & password : 'Atteloiv369!'
21:08:50.193 INFO  tests.TestBase - Assert check is  alert present with text 'Wrong email or password'
21:08:50.193 INFO  tests.TestBase - Name of method -->LoginWrongEmailRuTest
21:08:59.954 INFO  tests.TestBase - Test data --> email : 'solodka1998@mail.com' & password : 'Atteloiv369!'
21:09:00.601 INFO  tests.TestBase - Assert check is  alert present with text 'Wrong email or password'
21:09:00.604 INFO  tests.TestBase - Name of method -->LoginWrongEmailSymbolTest
21:09:10.566 INFO  tests.TestBase - Test data --> email : 'solodka1998mail.ru' & password : 'Atteloiv369!'
21:09:11.197 INFO  tests.TestBase - Assert check is  alert present with text 'Wrong email or password'
21:09:11.200 INFO  tests.TestBase - Name of method -->LoginWrongEmailTest
21:09:20.845 INFO  tests.TestBase - Test data --> email : 'sol1998@mail.ru' & password : 'Atteloiv369!'
21:09:21.460 INFO  tests.TestBase - Assert check is  alert present with text 'Wrong email or password'
21:09:21.465 INFO  tests.TestBase - Name of method -->LoginWrongPasswordNoUppercaseSymbolTest
21:09:31.102 INFO  tests.TestBase - Test data --> email : 'solodka1998@mail.ru' & password : 'Atteloiv369'
21:09:31.719 INFO  tests.TestBase - Assert check is  alert present with text 'Wrong email or password'
21:09:31.722 INFO  tests.TestBase - Name of method -->LoginWrongPasswordTest
21:09:41.463 INFO  tests.TestBase - Test data --> email : 'solodka1998@mail.ru' & password : 'Atkhiv369!'
21:09:42.079 INFO  tests.TestBase - Assert check is  alert present with text 'Wrong email or password'
